/Users/kamal/git_/Kamalkant-/7th task (ROS2 Intermediate)/install/launch_tutorial/lib/python3.11/site-packages/launch_tutorial/__init__.py
/Users/kamal/git_/Kamalkant-/7th task (ROS2 Intermediate)/install/launch_tutorial/lib/python3.11/site-packages/launch_tutorial/__pycache__/__init__.cpython-311.pyc
/Users/kamal/git_/Kamalkant-/7th task (ROS2 Intermediate)/install/launch_tutorial/share/ament_index/resource_index/packages/launch_tutorial
/Users/kamal/git_/Kamalkant-/7th task (ROS2 Intermediate)/install/launch_tutorial/share/launch_tutorial/package.xml
/Users/kamal/git_/Kamalkant-/7th task (ROS2 Intermediate)/install/launch_tutorial/share/launch_tutorial/launch/mimic.launch.py
/Users/kamal/git_/Kamalkant-/7th task (ROS2 Intermediate)/install/launch_tutorial/share/launch_tutorial/launch/example_event_handlers.launch.py
/Users/kamal/git_/Kamalkant-/7th task (ROS2 Intermediate)/install/launch_tutorial/share/launch_tutorial/launch/turtlesim_world_3.launch.py
/Users/kamal/git_/Kamalkant-/7th task (ROS2 Intermediate)/install/launch_tutorial/share/launch_tutorial/launch/turtlesim_rviz.launch.py
/Users/kamal/git_/Kamalkant-/7th task (ROS2 Intermediate)/install/launch_tutorial/share/launch_tutorial/launch/broadcaster_listener.launch.py
/Users/kamal/git_/Kamalkant-/7th task (ROS2 Intermediate)/install/launch_tutorial/share/launch_tutorial/launch/launch_turtlesim.launch.py
/Users/kamal/git_/Kamalkant-/7th task (ROS2 Intermediate)/install/launch_tutorial/share/launch_tutorial/launch/turtlesim_world_2.launch.py
/Users/kamal/git_/Kamalkant-/7th task (ROS2 Intermediate)/install/launch_tutorial/share/launch_tutorial/launch/example_substitutions.launch.py
/Users/kamal/git_/Kamalkant-/7th task (ROS2 Intermediate)/install/launch_tutorial/share/launch_tutorial/launch/turtlesim_world_1.launch.py
/Users/kamal/git_/Kamalkant-/7th task (ROS2 Intermediate)/install/launch_tutorial/share/launch_tutorial/launch/fixed_broadcaster.launch.py
/Users/kamal/git_/Kamalkant-/7th task (ROS2 Intermediate)/install/launch_tutorial/share/launch_tutorial/launch/example_main.launch.py
/Users/kamal/git_/Kamalkant-/7th task (ROS2 Intermediate)/install/launch_tutorial/share/launch_tutorial/config/turtlesim.yaml
/Users/kamal/git_/Kamalkant-/7th task (ROS2 Intermediate)/install/launch_tutorial/lib/python3.11/site-packages/launch_tutorial-0.0.0-py3.11.egg-info/PKG-INFO
/Users/kamal/git_/Kamalkant-/7th task (ROS2 Intermediate)/install/launch_tutorial/lib/python3.11/site-packages/launch_tutorial-0.0.0-py3.11.egg-info/zip-safe
/Users/kamal/git_/Kamalkant-/7th task (ROS2 Intermediate)/install/launch_tutorial/lib/python3.11/site-packages/launch_tutorial-0.0.0-py3.11.egg-info/SOURCES.txt
/Users/kamal/git_/Kamalkant-/7th task (ROS2 Intermediate)/install/launch_tutorial/lib/python3.11/site-packages/launch_tutorial-0.0.0-py3.11.egg-info/requires.txt
/Users/kamal/git_/Kamalkant-/7th task (ROS2 Intermediate)/install/launch_tutorial/lib/python3.11/site-packages/launch_tutorial-0.0.0-py3.11.egg-info/top_level.txt
/Users/kamal/git_/Kamalkant-/7th task (ROS2 Intermediate)/install/launch_tutorial/lib/python3.11/site-packages/launch_tutorial-0.0.0-py3.11.egg-info/dependency_links.txt
