[0.015s] Invoking command in '/Users/kamal/git_/Kamalkant-/7th task (ROS2 Intermediate)/build/urdf_tutorial': AMENT_PREFIX_PATH=/Users/kamal/git_/Kamalkant-/7th task (ROS2 Intermediate)/install/urdf_launch:/Users/kamal/git_/Kamalkant-/7th task (ROS2 Intermediate)/install/joint_state_publisher_gui:/Users/kamal/git_/Kamalkant-/7th task (ROS2 Intermediate)/install/joint_state_publisher:${AMENT_PREFIX_PATH} CMAKE_PREFIX_PATH=/Users/kamal/git_/Kamalkant-/7th task (ROS2 Intermediate)/install/urdf_launch${CMAKE_PREFIX_PATH} PYTHONPATH=/Users/kamal/git_/Kamalkant-/7th task (ROS2 Intermediate)/install/joint_state_publisher_gui/lib/python3.11/site-packages:/Users/kamal/git_/Kamalkant-/7th task (ROS2 Intermediate)/install/joint_state_publisher/lib/python3.11/site-packages:${PYTHONPATH} SHLVL=2 _=/Users/kamal/miniconda3/envs/ros_hum/bin/env /Users/kamal/miniconda3/envs/ros_hum/bin/cmake /Users/kamal/git_/Kamalkant-/7th task (ROS2 Intermediate)/src/urdf_tutorial -DCMAKE_INSTALL_PREFIX=/Users/kamal/git_/Kamalkant-/7th task (ROS2 Intermediate)/install/urdf_tutorial
[0.131s] -- The C compiler identification is Clang 18.1.7
[0.207s] -- The CXX compiler identification is Clang 18.1.7
[0.236s] -- Detecting C compiler ABI info
[0.395s] -- Detecting C compiler ABI info - done
[0.398s] -- Check for working C compiler: /Users/kamal/miniconda3/envs/ros_hum/bin/arm64-apple-darwin20.0.0-clang - skipped
[0.399s] -- Detecting C compile features
[0.399s] -- Detecting C compile features - done
[0.428s] -- Detecting CXX compiler ABI info
[0.581s] -- Detecting CXX compiler ABI info - done
[0.585s] -- Check for working CXX compiler: /Users/kamal/miniconda3/envs/ros_hum/bin/arm64-apple-darwin20.0.0-clang++ - skipped
[0.585s] -- Detecting CXX compile features
[0.585s] -- Detecting CXX compile features - done
[0.594s] -- Found ament_cmake: 1.3.7 (/Users/kamal/miniconda3/envs/ros_hum/share/ament_cmake/cmake)
[0.779s] -- Found Python3: /opt/homebrew/Frameworks/Python.framework/Versions/3.13/bin/python3.13 (found version "3.13.2") found components: Interpreter 
[0.980s] -- Found ament_lint_auto: 0.12.10 (/Users/kamal/miniconda3/envs/ros_hum/share/ament_lint_auto/cmake)
[1.072s] -- Configuring done (1.0s)
[1.101s] -- Generating done (0.0s)
[1.105s] -- Build files have been written to: /Users/kamal/git_/Kamalkant-/7th task (ROS2 Intermediate)/build/urdf_tutorial
[1.107s] Invoked command in '/Users/kamal/git_/Kamalkant-/7th task (ROS2 Intermediate)/build/urdf_tutorial' returned '0': AMENT_PREFIX_PATH=/Users/kamal/git_/Kamalkant-/7th task (ROS2 Intermediate)/install/urdf_launch:/Users/kamal/git_/Kamalkant-/7th task (ROS2 Intermediate)/install/joint_state_publisher_gui:/Users/kamal/git_/Kamalkant-/7th task (ROS2 Intermediate)/install/joint_state_publisher:${AMENT_PREFIX_PATH} CMAKE_PREFIX_PATH=/Users/kamal/git_/Kamalkant-/7th task (ROS2 Intermediate)/install/urdf_launch${CMAKE_PREFIX_PATH} PYTHONPATH=/Users/kamal/git_/Kamalkant-/7th task (ROS2 Intermediate)/install/joint_state_publisher_gui/lib/python3.11/site-packages:/Users/kamal/git_/Kamalkant-/7th task (ROS2 Intermediate)/install/joint_state_publisher/lib/python3.11/site-packages:${PYTHONPATH} SHLVL=2 _=/Users/kamal/miniconda3/envs/ros_hum/bin/env /Users/kamal/miniconda3/envs/ros_hum/bin/cmake /Users/kamal/git_/Kamalkant-/7th task (ROS2 Intermediate)/src/urdf_tutorial -DCMAKE_INSTALL_PREFIX=/Users/kamal/git_/Kamalkant-/7th task (ROS2 Intermediate)/install/urdf_tutorial
[1.110s] Invoking command in '/Users/kamal/git_/Kamalkant-/7th task (ROS2 Intermediate)/build/urdf_tutorial': AMENT_PREFIX_PATH=/Users/kamal/git_/Kamalkant-/7th task (ROS2 Intermediate)/install/urdf_launch:/Users/kamal/git_/Kamalkant-/7th task (ROS2 Intermediate)/install/joint_state_publisher_gui:/Users/kamal/git_/Kamalkant-/7th task (ROS2 Intermediate)/install/joint_state_publisher:${AMENT_PREFIX_PATH} CMAKE_PREFIX_PATH=/Users/kamal/git_/Kamalkant-/7th task (ROS2 Intermediate)/install/urdf_launch${CMAKE_PREFIX_PATH} PYTHONPATH=/Users/kamal/git_/Kamalkant-/7th task (ROS2 Intermediate)/install/joint_state_publisher_gui/lib/python3.11/site-packages:/Users/kamal/git_/Kamalkant-/7th task (ROS2 Intermediate)/install/joint_state_publisher/lib/python3.11/site-packages:${PYTHONPATH} SHLVL=2 _=/Users/kamal/miniconda3/envs/ros_hum/bin/env /Users/kamal/miniconda3/envs/ros_hum/bin/cmake --build /Users/kamal/git_/Kamalkant-/7th task (ROS2 Intermediate)/build/urdf_tutorial -- -j8 -l8
[1.199s] Invoked command in '/Users/kamal/git_/Kamalkant-/7th task (ROS2 Intermediate)/build/urdf_tutorial' returned '0': AMENT_PREFIX_PATH=/Users/kamal/git_/Kamalkant-/7th task (ROS2 Intermediate)/install/urdf_launch:/Users/kamal/git_/Kamalkant-/7th task (ROS2 Intermediate)/install/joint_state_publisher_gui:/Users/kamal/git_/Kamalkant-/7th task (ROS2 Intermediate)/install/joint_state_publisher:${AMENT_PREFIX_PATH} CMAKE_PREFIX_PATH=/Users/kamal/git_/Kamalkant-/7th task (ROS2 Intermediate)/install/urdf_launch${CMAKE_PREFIX_PATH} PYTHONPATH=/Users/kamal/git_/Kamalkant-/7th task (ROS2 Intermediate)/install/joint_state_publisher_gui/lib/python3.11/site-packages:/Users/kamal/git_/Kamalkant-/7th task (ROS2 Intermediate)/install/joint_state_publisher/lib/python3.11/site-packages:${PYTHONPATH} SHLVL=2 _=/Users/kamal/miniconda3/envs/ros_hum/bin/env /Users/kamal/miniconda3/envs/ros_hum/bin/cmake --build /Users/kamal/git_/Kamalkant-/7th task (ROS2 Intermediate)/build/urdf_tutorial -- -j8 -l8
[1.353s] Invoking command in '/Users/kamal/git_/Kamalkant-/7th task (ROS2 Intermediate)/build/urdf_tutorial': AMENT_PREFIX_PATH=/Users/kamal/git_/Kamalkant-/7th task (ROS2 Intermediate)/install/urdf_launch:/Users/kamal/git_/Kamalkant-/7th task (ROS2 Intermediate)/install/joint_state_publisher_gui:/Users/kamal/git_/Kamalkant-/7th task (ROS2 Intermediate)/install/joint_state_publisher:${AMENT_PREFIX_PATH} CMAKE_PREFIX_PATH=/Users/kamal/git_/Kamalkant-/7th task (ROS2 Intermediate)/install/urdf_launch${CMAKE_PREFIX_PATH} PYTHONPATH=/Users/kamal/git_/Kamalkant-/7th task (ROS2 Intermediate)/install/joint_state_publisher_gui/lib/python3.11/site-packages:/Users/kamal/git_/Kamalkant-/7th task (ROS2 Intermediate)/install/joint_state_publisher/lib/python3.11/site-packages:${PYTHONPATH} SHLVL=2 _=/Users/kamal/miniconda3/envs/ros_hum/bin/env /Users/kamal/miniconda3/envs/ros_hum/bin/cmake --install /Users/kamal/git_/Kamalkant-/7th task (ROS2 Intermediate)/build/urdf_tutorial
[1.366s] -- Install configuration: ""
[1.367s] -- Installing: /Users/kamal/git_/Kamalkant-/7th task (ROS2 Intermediate)/install/urdf_tutorial/share/urdf_tutorial/images
[1.367s] -- Installing: /Users/kamal/git_/Kamalkant-/7th task (ROS2 Intermediate)/install/urdf_tutorial/share/urdf_tutorial/images/origins.png
[1.367s] -- Installing: /Users/kamal/git_/Kamalkant-/7th task (ROS2 Intermediate)/install/urdf_tutorial/share/urdf_tutorial/images/myfirst.png
[1.367s] -- Installing: /Users/kamal/git_/Kamalkant-/7th task (ROS2 Intermediate)/install/urdf_tutorial/share/urdf_tutorial/images/visual.png
[1.367s] -- Installing: /Users/kamal/git_/Kamalkant-/7th task (ROS2 Intermediate)/install/urdf_tutorial/share/urdf_tutorial/images/multipleshapes.png
[1.368s] -- Installing: /Users/kamal/git_/Kamalkant-/7th task (ROS2 Intermediate)/install/urdf_tutorial/share/urdf_tutorial/images/flexible.png
[1.368s] -- Installing: /Users/kamal/git_/Kamalkant-/7th task (ROS2 Intermediate)/install/urdf_tutorial/share/urdf_tutorial/images/materials.png
[1.368s] -- Installing: /Users/kamal/git_/Kamalkant-/7th task (ROS2 Intermediate)/install/urdf_tutorial/share/urdf_tutorial/launch
[1.368s] -- Installing: /Users/kamal/git_/Kamalkant-/7th task (ROS2 Intermediate)/install/urdf_tutorial/share/urdf_tutorial/launch/display.launch.py
[1.368s] -- Installing: /Users/kamal/git_/Kamalkant-/7th task (ROS2 Intermediate)/install/urdf_tutorial/share/urdf_tutorial/meshes
[1.369s] -- Installing: /Users/kamal/git_/Kamalkant-/7th task (ROS2 Intermediate)/install/urdf_tutorial/share/urdf_tutorial/meshes/l_finger_tip_color.png
[1.369s] -- Installing: /Users/kamal/git_/Kamalkant-/7th task (ROS2 Intermediate)/install/urdf_tutorial/share/urdf_tutorial/meshes/l_finger_tip.dae
[1.370s] -- Installing: /Users/kamal/git_/Kamalkant-/7th task (ROS2 Intermediate)/install/urdf_tutorial/share/urdf_tutorial/meshes/l_finger_color.png
[1.375s] -- Installing: /Users/kamal/git_/Kamalkant-/7th task (ROS2 Intermediate)/install/urdf_tutorial/share/urdf_tutorial/meshes/l_finger.dae
[1.375s] -- Installing: /Users/kamal/git_/Kamalkant-/7th task (ROS2 Intermediate)/install/urdf_tutorial/share/urdf_tutorial/rviz
[1.376s] -- Installing: /Users/kamal/git_/Kamalkant-/7th task (ROS2 Intermediate)/install/urdf_tutorial/share/urdf_tutorial/rviz/urdf.rviz
[1.376s] -- Installing: /Users/kamal/git_/Kamalkant-/7th task (ROS2 Intermediate)/install/urdf_tutorial/share/urdf_tutorial/urdf
[1.376s] -- Installing: /Users/kamal/git_/Kamalkant-/7th task (ROS2 Intermediate)/install/urdf_tutorial/share/urdf_tutorial/urdf/07-physics.urdf
[1.376s] -- Installing: /Users/kamal/git_/Kamalkant-/7th task (ROS2 Intermediate)/install/urdf_tutorial/share/urdf_tutorial/urdf/08-macroed.urdf.xacro
[1.376s] -- Installing: /Users/kamal/git_/Kamalkant-/7th task (ROS2 Intermediate)/install/urdf_tutorial/share/urdf_tutorial/urdf/05-visual.urdf
[1.377s] -- Installing: /Users/kamal/git_/Kamalkant-/7th task (ROS2 Intermediate)/install/urdf_tutorial/share/urdf_tutorial/urdf/01-myfirst.urdf
[1.377s] -- Installing: /Users/kamal/git_/Kamalkant-/7th task (ROS2 Intermediate)/install/urdf_tutorial/share/urdf_tutorial/urdf/02-multipleshapes.urdf
[1.377s] -- Installing: /Users/kamal/git_/Kamalkant-/7th task (ROS2 Intermediate)/install/urdf_tutorial/share/urdf_tutorial/urdf/06-flexible.urdf
[1.377s] -- Installing: /Users/kamal/git_/Kamalkant-/7th task (ROS2 Intermediate)/install/urdf_tutorial/share/urdf_tutorial/urdf/04-materials.urdf
[1.378s] -- Installing: /Users/kamal/git_/Kamalkant-/7th task (ROS2 Intermediate)/install/urdf_tutorial/share/urdf_tutorial/urdf/03-origins.urdf
[1.378s] -- Installing: /Users/kamal/git_/Kamalkant-/7th task (ROS2 Intermediate)/install/urdf_tutorial/share/ament_index/resource_index/package_run_dependencies/urdf_tutorial
[1.378s] -- Installing: /Users/kamal/git_/Kamalkant-/7th task (ROS2 Intermediate)/install/urdf_tutorial/share/ament_index/resource_index/parent_prefix_path/urdf_tutorial
[1.378s] -- Installing: /Users/kamal/git_/Kamalkant-/7th task (ROS2 Intermediate)/install/urdf_tutorial/share/urdf_tutorial/environment/ament_prefix_path.sh
[1.378s] -- Installing: /Users/kamal/git_/Kamalkant-/7th task (ROS2 Intermediate)/install/urdf_tutorial/share/urdf_tutorial/environment/ament_prefix_path.dsv
[1.379s] -- Installing: /Users/kamal/git_/Kamalkant-/7th task (ROS2 Intermediate)/install/urdf_tutorial/share/urdf_tutorial/environment/path.sh
[1.379s] -- Installing: /Users/kamal/git_/Kamalkant-/7th task (ROS2 Intermediate)/install/urdf_tutorial/share/urdf_tutorial/environment/path.dsv
[1.379s] -- Installing: /Users/kamal/git_/Kamalkant-/7th task (ROS2 Intermediate)/install/urdf_tutorial/share/urdf_tutorial/local_setup.bash
[1.381s] -- Installing: /Users/kamal/git_/Kamalkant-/7th task (ROS2 Intermediate)/install/urdf_tutorial/share/urdf_tutorial/local_setup.sh
[1.381s] -- Installing: /Users/kamal/git_/Kamalkant-/7th task (ROS2 Intermediate)/install/urdf_tutorial/share/urdf_tutorial/local_setup.zsh
[1.381s] -- Installing: /Users/kamal/git_/Kamalkant-/7th task (ROS2 Intermediate)/install/urdf_tutorial/share/urdf_tutorial/local_setup.dsv
[1.381s] -- Installing: /Users/kamal/git_/Kamalkant-/7th task (ROS2 Intermediate)/install/urdf_tutorial/share/urdf_tutorial/package.dsv
[1.381s] -- Installing: /Users/kamal/git_/Kamalkant-/7th task (ROS2 Intermediate)/install/urdf_tutorial/share/ament_index/resource_index/packages/urdf_tutorial
[1.382s] -- Installing: /Users/kamal/git_/Kamalkant-/7th task (ROS2 Intermediate)/install/urdf_tutorial/share/urdf_tutorial/cmake/urdf_tutorialConfig.cmake
[1.382s] -- Installing: /Users/kamal/git_/Kamalkant-/7th task (ROS2 Intermediate)/install/urdf_tutorial/share/urdf_tutorial/cmake/urdf_tutorialConfig-version.cmake
[1.382s] -- Installing: /Users/kamal/git_/Kamalkant-/7th task (ROS2 Intermediate)/install/urdf_tutorial/share/urdf_tutorial/package.xml
[1.383s] Invoked command in '/Users/kamal/git_/Kamalkant-/7th task (ROS2 Intermediate)/build/urdf_tutorial' returned '0': AMENT_PREFIX_PATH=/Users/kamal/git_/Kamalkant-/7th task (ROS2 Intermediate)/install/urdf_launch:/Users/kamal/git_/Kamalkant-/7th task (ROS2 Intermediate)/install/joint_state_publisher_gui:/Users/kamal/git_/Kamalkant-/7th task (ROS2 Intermediate)/install/joint_state_publisher:${AMENT_PREFIX_PATH} CMAKE_PREFIX_PATH=/Users/kamal/git_/Kamalkant-/7th task (ROS2 Intermediate)/install/urdf_launch${CMAKE_PREFIX_PATH} PYTHONPATH=/Users/kamal/git_/Kamalkant-/7th task (ROS2 Intermediate)/install/joint_state_publisher_gui/lib/python3.11/site-packages:/Users/kamal/git_/Kamalkant-/7th task (ROS2 Intermediate)/install/joint_state_publisher/lib/python3.11/site-packages:${PYTHONPATH} SHLVL=2 _=/Users/kamal/miniconda3/envs/ros_hum/bin/env /Users/kamal/miniconda3/envs/ros_hum/bin/cmake --install /Users/kamal/git_/Kamalkant-/7th task (ROS2 Intermediate)/build/urdf_tutorial
