/Users/kamal/miniconda3/envs/ros_hum/lib/python3.11/site-packages/setuptools/_distutils/dist.py:270: UserWarning: Unknown distribution option: 'tests_require'
  warnings.warn(msg)
running egg_info
creating ../../build/urdf_tutorial_r2d2/urdf_tutorial_r2d2.egg-info
writing ../../build/urdf_tutorial_r2d2/urdf_tutorial_r2d2.egg-info/PKG-INFO
writing dependency_links to ../../build/urdf_tutorial_r2d2/urdf_tutorial_r2d2.egg-info/dependency_links.txt
writing entry points to ../../build/urdf_tutorial_r2d2/urdf_tutorial_r2d2.egg-info/entry_points.txt
writing requirements to ../../build/urdf_tutorial_r2d2/urdf_tutorial_r2d2.egg-info/requires.txt
writing top-level names to ../../build/urdf_tutorial_r2d2/urdf_tutorial_r2d2.egg-info/top_level.txt
writing manifest file '../../build/urdf_tutorial_r2d2/urdf_tutorial_r2d2.egg-info/SOURCES.txt'
reading manifest file '../../build/urdf_tutorial_r2d2/urdf_tutorial_r2d2.egg-info/SOURCES.txt'
adding license file 'LICENSE'
writing manifest file '../../build/urdf_tutorial_r2d2/urdf_tutorial_r2d2.egg-info/SOURCES.txt'
running build
running build_py
creating /Users/kamal/git_/Kamalkant-/7th task (ROS2 Intermediate)/build/urdf_tutorial_r2d2/build/lib/urdf_tutorial_r2d2
copying urdf_tutorial_r2d2/__init__.py -> /Users/kamal/git_/Kamalkant-/7th task (ROS2 Intermediate)/build/urdf_tutorial_r2d2/build/lib/urdf_tutorial_r2d2
copying urdf_tutorial_r2d2/state_publisher.py -> /Users/kamal/git_/Kamalkant-/7th task (ROS2 Intermediate)/build/urdf_tutorial_r2d2/build/lib/urdf_tutorial_r2d2
running install
running install_lib
creating /Users/kamal/git_/Kamalkant-/7th task (ROS2 Intermediate)/install/urdf_tutorial_r2d2/lib/python3.11/site-packages/urdf_tutorial_r2d2
copying /Users/kamal/git_/Kamalkant-/7th task (ROS2 Intermediate)/build/urdf_tutorial_r2d2/build/lib/urdf_tutorial_r2d2/__init__.py -> /Users/kamal/git_/Kamalkant-/7th task (ROS2 Intermediate)/install/urdf_tutorial_r2d2/lib/python3.11/site-packages/urdf_tutorial_r2d2
copying /Users/kamal/git_/Kamalkant-/7th task (ROS2 Intermediate)/build/urdf_tutorial_r2d2/build/lib/urdf_tutorial_r2d2/state_publisher.py -> /Users/kamal/git_/Kamalkant-/7th task (ROS2 Intermediate)/install/urdf_tutorial_r2d2/lib/python3.11/site-packages/urdf_tutorial_r2d2
byte-compiling /Users/kamal/git_/Kamalkant-/7th task (ROS2 Intermediate)/install/urdf_tutorial_r2d2/lib/python3.11/site-packages/urdf_tutorial_r2d2/__init__.py to __init__.cpython-311.pyc
byte-compiling /Users/kamal/git_/Kamalkant-/7th task (ROS2 Intermediate)/install/urdf_tutorial_r2d2/lib/python3.11/site-packages/urdf_tutorial_r2d2/state_publisher.py to state_publisher.cpython-311.pyc
running install_data
creating /Users/kamal/git_/Kamalkant-/7th task (ROS2 Intermediate)/install/urdf_tutorial_r2d2/share/ament_index/resource_index/packages
copying resource/urdf_tutorial_r2d2 -> /Users/kamal/git_/Kamalkant-/7th task (ROS2 Intermediate)/install/urdf_tutorial_r2d2/share/ament_index/resource_index/packages
copying package.xml -> /Users/kamal/git_/Kamalkant-/7th task (ROS2 Intermediate)/install/urdf_tutorial_r2d2/share/urdf_tutorial_r2d2
creating /Users/kamal/git_/Kamalkant-/7th task (ROS2 Intermediate)/install/urdf_tutorial_r2d2/share/urdf_tutorial_r2d2/launch
copying launch/demo.launch.py -> /Users/kamal/git_/Kamalkant-/7th task (ROS2 Intermediate)/install/urdf_tutorial_r2d2/share/urdf_tutorial_r2d2/launch
copying urdf/r2d2.rviz -> /Users/kamal/git_/Kamalkant-/7th task (ROS2 Intermediate)/install/urdf_tutorial_r2d2/share/urdf_tutorial_r2d2
copying urdf/r2d2.urdf.xml -> /Users/kamal/git_/Kamalkant-/7th task (ROS2 Intermediate)/install/urdf_tutorial_r2d2/share/urdf_tutorial_r2d2
running install_egg_info
Copying ../../build/urdf_tutorial_r2d2/urdf_tutorial_r2d2.egg-info to /Users/kamal/git_/Kamalkant-/7th task (ROS2 Intermediate)/install/urdf_tutorial_r2d2/lib/python3.11/site-packages/urdf_tutorial_r2d2-0.0.0-py3.11.egg-info
running install_scripts
Installing state_publisher script to /Users/kamal/git_/Kamalkant-/7th task (ROS2 Intermediate)/install/urdf_tutorial_r2d2/lib/urdf_tutorial_r2d2
writing list of installed files to '/Users/kamal/git_/Kamalkant-/7th task (ROS2 Intermediate)/build/urdf_tutorial_r2d2/install.log'
