/Users/kamal/git_/Kamalkant-/7th task (ROS2 Intermediate)/install/turtle_tf2_py/lib/python3.11/site-packages/turtle_tf2_py/turtle_tf2_message_broadcaster.py
/Users/kamal/git_/Kamalkant-/7th task (ROS2 Intermediate)/install/turtle_tf2_py/lib/python3.11/site-packages/turtle_tf2_py/fixed_frame_tf2_broadcaster.py
/Users/kamal/git_/Kamalkant-/7th task (ROS2 Intermediate)/install/turtle_tf2_py/lib/python3.11/site-packages/turtle_tf2_py/static_turtle_tf2_broadcaster.py
/Users/kamal/git_/Kamalkant-/7th task (ROS2 Intermediate)/install/turtle_tf2_py/lib/python3.11/site-packages/turtle_tf2_py/dynamic_frame_tf2_broadcaster.py
/Users/kamal/git_/Kamalkant-/7th task (ROS2 Intermediate)/install/turtle_tf2_py/lib/python3.11/site-packages/turtle_tf2_py/__init__.py
/Users/kamal/git_/Kamalkant-/7th task (ROS2 Intermediate)/install/turtle_tf2_py/lib/python3.11/site-packages/turtle_tf2_py/turtle_tf2_broadcaster.py
/Users/kamal/git_/Kamalkant-/7th task (ROS2 Intermediate)/install/turtle_tf2_py/lib/python3.11/site-packages/turtle_tf2_py/turtle_tf2_listener.py
/Users/kamal/git_/Kamalkant-/7th task (ROS2 Intermediate)/install/turtle_tf2_py/lib/python3.11/site-packages/turtle_tf2_py/__pycache__/turtle_tf2_message_broadcaster.cpython-311.pyc
/Users/kamal/git_/Kamalkant-/7th task (ROS2 Intermediate)/install/turtle_tf2_py/lib/python3.11/site-packages/turtle_tf2_py/__pycache__/fixed_frame_tf2_broadcaster.cpython-311.pyc
/Users/kamal/git_/Kamalkant-/7th task (ROS2 Intermediate)/install/turtle_tf2_py/lib/python3.11/site-packages/turtle_tf2_py/__pycache__/static_turtle_tf2_broadcaster.cpython-311.pyc
/Users/kamal/git_/Kamalkant-/7th task (ROS2 Intermediate)/install/turtle_tf2_py/lib/python3.11/site-packages/turtle_tf2_py/__pycache__/dynamic_frame_tf2_broadcaster.cpython-311.pyc
/Users/kamal/git_/Kamalkant-/7th task (ROS2 Intermediate)/install/turtle_tf2_py/lib/python3.11/site-packages/turtle_tf2_py/__pycache__/__init__.cpython-311.pyc
/Users/kamal/git_/Kamalkant-/7th task (ROS2 Intermediate)/install/turtle_tf2_py/lib/python3.11/site-packages/turtle_tf2_py/__pycache__/turtle_tf2_broadcaster.cpython-311.pyc
/Users/kamal/git_/Kamalkant-/7th task (ROS2 Intermediate)/install/turtle_tf2_py/lib/python3.11/site-packages/turtle_tf2_py/__pycache__/turtle_tf2_listener.cpython-311.pyc
/Users/kamal/git_/Kamalkant-/7th task (ROS2 Intermediate)/install/turtle_tf2_py/share/ament_index/resource_index/packages/turtle_tf2_py
/Users/kamal/git_/Kamalkant-/7th task (ROS2 Intermediate)/install/turtle_tf2_py/share/turtle_tf2_py/package.xml
/Users/kamal/git_/Kamalkant-/7th task (ROS2 Intermediate)/install/turtle_tf2_py/share/turtle_tf2_py/launch/turtle_tf2_fixed_frame_demo.launch.py
/Users/kamal/git_/Kamalkant-/7th task (ROS2 Intermediate)/install/turtle_tf2_py/share/turtle_tf2_py/launch/turtle_tf2_sensor_message.launch.py
/Users/kamal/git_/Kamalkant-/7th task (ROS2 Intermediate)/install/turtle_tf2_py/share/turtle_tf2_py/launch/turtle_tf2_demo.launch.py
/Users/kamal/git_/Kamalkant-/7th task (ROS2 Intermediate)/install/turtle_tf2_py/share/turtle_tf2_py/launch/turtle_tf2_dynamic_frame_demo.launch.py
/Users/kamal/git_/Kamalkant-/7th task (ROS2 Intermediate)/install/turtle_tf2_py/share/turtle_tf2_py/rviz/turtle_rviz.rviz
/Users/kamal/git_/Kamalkant-/7th task (ROS2 Intermediate)/install/turtle_tf2_py/lib/python3.11/site-packages/turtle_tf2_py-0.3.6-py3.11.egg-info/PKG-INFO
/Users/kamal/git_/Kamalkant-/7th task (ROS2 Intermediate)/install/turtle_tf2_py/lib/python3.11/site-packages/turtle_tf2_py-0.3.6-py3.11.egg-info/zip-safe
/Users/kamal/git_/Kamalkant-/7th task (ROS2 Intermediate)/install/turtle_tf2_py/lib/python3.11/site-packages/turtle_tf2_py-0.3.6-py3.11.egg-info/SOURCES.txt
/Users/kamal/git_/Kamalkant-/7th task (ROS2 Intermediate)/install/turtle_tf2_py/lib/python3.11/site-packages/turtle_tf2_py-0.3.6-py3.11.egg-info/entry_points.txt
/Users/kamal/git_/Kamalkant-/7th task (ROS2 Intermediate)/install/turtle_tf2_py/lib/python3.11/site-packages/turtle_tf2_py-0.3.6-py3.11.egg-info/requires.txt
/Users/kamal/git_/Kamalkant-/7th task (ROS2 Intermediate)/install/turtle_tf2_py/lib/python3.11/site-packages/turtle_tf2_py-0.3.6-py3.11.egg-info/top_level.txt
/Users/kamal/git_/Kamalkant-/7th task (ROS2 Intermediate)/install/turtle_tf2_py/lib/python3.11/site-packages/turtle_tf2_py-0.3.6-py3.11.egg-info/dependency_links.txt
/Users/kamal/git_/Kamalkant-/7th task (ROS2 Intermediate)/install/turtle_tf2_py/lib/turtle_tf2_py/dynamic_frame_tf2_broadcaster
/Users/kamal/git_/Kamalkant-/7th task (ROS2 Intermediate)/install/turtle_tf2_py/lib/turtle_tf2_py/fixed_frame_tf2_broadcaster
/Users/kamal/git_/Kamalkant-/7th task (ROS2 Intermediate)/install/turtle_tf2_py/lib/turtle_tf2_py/static_turtle_tf2_broadcaster
/Users/kamal/git_/Kamalkant-/7th task (ROS2 Intermediate)/install/turtle_tf2_py/lib/turtle_tf2_py/turtle_tf2_broadcaster
/Users/kamal/git_/Kamalkant-/7th task (ROS2 Intermediate)/install/turtle_tf2_py/lib/turtle_tf2_py/turtle_tf2_listener
/Users/kamal/git_/Kamalkant-/7th task (ROS2 Intermediate)/install/turtle_tf2_py/lib/turtle_tf2_py/turtle_tf2_message_broadcaster
