-- Found ament_cmake: 1.3.7 (/Users/kamal/miniconda3/envs/ros_hum/share/ament_cmake/cmake)
-- Found Python3: /opt/homebrew/Frameworks/Python.framework/Versions/3.13/bin/python3.13 (found version "3.13.2") found components: Interpreter 
-- Configuring done (0.7s)
-- Generating done (0.0s)
-- Build files have been written to: /Users/kamal/git_/Kamalkant-/7th task (ROS2 Intermediate)/build/geometry_tutorials
-- Install configuration: ""
-- Installing: /Users/kamal/git_/Kamalkant-/7th task (ROS2 Intermediate)/install/geometry_tutorials/share/ament_index/resource_index/package_run_dependencies/geometry_tutorials
-- Installing: /Users/kamal/git_/Kamalkant-/7th task (ROS2 Intermediate)/install/geometry_tutorials/share/ament_index/resource_index/parent_prefix_path/geometry_tutorials
-- Installing: /Users/kamal/git_/Kamalkant-/7th task (ROS2 Intermediate)/install/geometry_tutorials/share/geometry_tutorials/environment/ament_prefix_path.sh
-- Installing: /Users/kamal/git_/Kamalkant-/7th task (ROS2 Intermediate)/install/geometry_tutorials/share/geometry_tutorials/environment/ament_prefix_path.dsv
-- Installing: /Users/kamal/git_/Kamalkant-/7th task (ROS2 Intermediate)/install/geometry_tutorials/share/geometry_tutorials/environment/path.sh
-- Installing: /Users/kamal/git_/Kamalkant-/7th task (ROS2 Intermediate)/install/geometry_tutorials/share/geometry_tutorials/environment/path.dsv
-- Installing: /Users/kamal/git_/Kamalkant-/7th task (ROS2 Intermediate)/install/geometry_tutorials/share/geometry_tutorials/local_setup.bash
-- Installing: /Users/kamal/git_/Kamalkant-/7th task (ROS2 Intermediate)/install/geometry_tutorials/share/geometry_tutorials/local_setup.sh
-- Installing: /Users/kamal/git_/Kamalkant-/7th task (ROS2 Intermediate)/install/geometry_tutorials/share/geometry_tutorials/local_setup.zsh
-- Installing: /Users/kamal/git_/Kamalkant-/7th task (ROS2 Intermediate)/install/geometry_tutorials/share/geometry_tutorials/local_setup.dsv
-- Installing: /Users/kamal/git_/Kamalkant-/7th task (ROS2 Intermediate)/install/geometry_tutorials/share/geometry_tutorials/package.dsv
-- Installing: /Users/kamal/git_/Kamalkant-/7th task (ROS2 Intermediate)/install/geometry_tutorials/share/ament_index/resource_index/packages/geometry_tutorials
-- Installing: /Users/kamal/git_/Kamalkant-/7th task (ROS2 Intermediate)/install/geometry_tutorials/share/geometry_tutorials/cmake/geometry_tutorialsConfig.cmake
-- Installing: /Users/kamal/git_/Kamalkant-/7th task (ROS2 Intermediate)/install/geometry_tutorials/share/geometry_tutorials/cmake/geometry_tutorialsConfig-version.cmake
-- Installing: /Users/kamal/git_/Kamalkant-/7th task (ROS2 Intermediate)/install/geometry_tutorials/share/geometry_tutorials/package.xml
