[0.030s] Invoking command in '/Users/kamal/git_/Kamalkant-/7th task (ROS2 Intermediate)/build/geometry_tutorials': SHLVL=2 _=/Users/kamal/miniconda3/envs/ros_hum/bin/env /Users/kamal/miniconda3/envs/ros_hum/bin/cmake /Users/kamal/git_/Kamalkant-/7th task (ROS2 Intermediate)/src/geometry_tutorials/geometry_tutorials -DCMAKE_INSTALL_PREFIX=/Users/kamal/git_/Kamalkant-/7th task (ROS2 Intermediate)/install/geometry_tutorials
[0.676s] -- Found ament_cmake: 1.3.7 (/Users/kamal/miniconda3/envs/ros_hum/share/ament_cmake/cmake)
[0.677s] -- Found Python3: /opt/homebrew/Frameworks/Python.framework/Versions/3.13/bin/python3.13 (found version "3.13.2") found components: Interpreter 
[1.031s] -- Configuring done (0.7s)
[1.049s] -- Generating done (0.0s)
[1.051s] -- Build files have been written to: /Users/kamal/git_/Kamalkant-/7th task (ROS2 Intermediate)/build/geometry_tutorials
[1.055s] Invoked command in '/Users/kamal/git_/Kamalkant-/7th task (ROS2 Intermediate)/build/geometry_tutorials' returned '0': SHLVL=2 _=/Users/kamal/miniconda3/envs/ros_hum/bin/env /Users/kamal/miniconda3/envs/ros_hum/bin/cmake /Users/kamal/git_/Kamalkant-/7th task (ROS2 Intermediate)/src/geometry_tutorials/geometry_tutorials -DCMAKE_INSTALL_PREFIX=/Users/kamal/git_/Kamalkant-/7th task (ROS2 Intermediate)/install/geometry_tutorials
[1.057s] Invoking command in '/Users/kamal/git_/Kamalkant-/7th task (ROS2 Intermediate)/build/geometry_tutorials': SHLVL=2 _=/Users/kamal/miniconda3/envs/ros_hum/bin/env /Users/kamal/miniconda3/envs/ros_hum/bin/cmake --build /Users/kamal/git_/Kamalkant-/7th task (ROS2 Intermediate)/build/geometry_tutorials -- -j8 -l8
[1.160s] Invoked command in '/Users/kamal/git_/Kamalkant-/7th task (ROS2 Intermediate)/build/geometry_tutorials' returned '0': SHLVL=2 _=/Users/kamal/miniconda3/envs/ros_hum/bin/env /Users/kamal/miniconda3/envs/ros_hum/bin/cmake --build /Users/kamal/git_/Kamalkant-/7th task (ROS2 Intermediate)/build/geometry_tutorials -- -j8 -l8
[1.309s] Invoking command in '/Users/kamal/git_/Kamalkant-/7th task (ROS2 Intermediate)/build/geometry_tutorials': SHLVL=2 _=/Users/kamal/miniconda3/envs/ros_hum/bin/env /Users/kamal/miniconda3/envs/ros_hum/bin/cmake --install /Users/kamal/git_/Kamalkant-/7th task (ROS2 Intermediate)/build/geometry_tutorials
[1.325s] -- Install configuration: ""
[1.326s] -- Installing: /Users/kamal/git_/Kamalkant-/7th task (ROS2 Intermediate)/install/geometry_tutorials/share/ament_index/resource_index/package_run_dependencies/geometry_tutorials
[1.326s] -- Installing: /Users/kamal/git_/Kamalkant-/7th task (ROS2 Intermediate)/install/geometry_tutorials/share/ament_index/resource_index/parent_prefix_path/geometry_tutorials
[1.329s] -- Installing: /Users/kamal/git_/Kamalkant-/7th task (ROS2 Intermediate)/install/geometry_tutorials/share/geometry_tutorials/environment/ament_prefix_path.sh
[1.329s] -- Installing: /Users/kamal/git_/Kamalkant-/7th task (ROS2 Intermediate)/install/geometry_tutorials/share/geometry_tutorials/environment/ament_prefix_path.dsv
[1.329s] -- Installing: /Users/kamal/git_/Kamalkant-/7th task (ROS2 Intermediate)/install/geometry_tutorials/share/geometry_tutorials/environment/path.sh
[1.330s] -- Installing: /Users/kamal/git_/Kamalkant-/7th task (ROS2 Intermediate)/install/geometry_tutorials/share/geometry_tutorials/environment/path.dsv
[1.331s] -- Installing: /Users/kamal/git_/Kamalkant-/7th task (ROS2 Intermediate)/install/geometry_tutorials/share/geometry_tutorials/local_setup.bash
[1.331s] -- Installing: /Users/kamal/git_/Kamalkant-/7th task (ROS2 Intermediate)/install/geometry_tutorials/share/geometry_tutorials/local_setup.sh
[1.331s] -- Installing: /Users/kamal/git_/Kamalkant-/7th task (ROS2 Intermediate)/install/geometry_tutorials/share/geometry_tutorials/local_setup.zsh
[1.331s] -- Installing: /Users/kamal/git_/Kamalkant-/7th task (ROS2 Intermediate)/install/geometry_tutorials/share/geometry_tutorials/local_setup.dsv
[1.331s] -- Installing: /Users/kamal/git_/Kamalkant-/7th task (ROS2 Intermediate)/install/geometry_tutorials/share/geometry_tutorials/package.dsv
[1.331s] -- Installing: /Users/kamal/git_/Kamalkant-/7th task (ROS2 Intermediate)/install/geometry_tutorials/share/ament_index/resource_index/packages/geometry_tutorials
[1.331s] -- Installing: /Users/kamal/git_/Kamalkant-/7th task (ROS2 Intermediate)/install/geometry_tutorials/share/geometry_tutorials/cmake/geometry_tutorialsConfig.cmake
[1.331s] -- Installing: /Users/kamal/git_/Kamalkant-/7th task (ROS2 Intermediate)/install/geometry_tutorials/share/geometry_tutorials/cmake/geometry_tutorialsConfig-version.cmake
[1.331s] -- Installing: /Users/kamal/git_/Kamalkant-/7th task (ROS2 Intermediate)/install/geometry_tutorials/share/geometry_tutorials/package.xml
[1.332s] Invoked command in '/Users/kamal/git_/Kamalkant-/7th task (ROS2 Intermediate)/build/geometry_tutorials' returned '0': SHLVL=2 _=/Users/kamal/miniconda3/envs/ros_hum/bin/env /Users/kamal/miniconda3/envs/ros_hum/bin/cmake --install /Users/kamal/git_/Kamalkant-/7th task (ROS2 Intermediate)/build/geometry_tutorials
