[0.014s] Invoking command in '/Users/kamal/git_/Kamalkant-/7th task (ROS2 Intermediate)/build/urdf_sim_tutorial': AMENT_PREFIX_PATH=/Users/kamal/git_/Kamalkant-/7th task (ROS2 Intermediate)/install/urdf_tutorial:/Users/kamal/git_/Kamalkant-/7th task (ROS2 Intermediate)/install/urdf_launch:/Users/kamal/git_/Kamalkant-/7th task (ROS2 Intermediate)/install/joint_state_publisher_gui:/Users/kamal/git_/Kamalkant-/7th task (ROS2 Intermediate)/install/joint_state_publisher:${AMENT_PREFIX_PATH} CMAKE_PREFIX_PATH=/Users/kamal/git_/Kamalkant-/7th task (ROS2 Intermediate)/install/urdf_tutorial:/Users/kamal/git_/Kamalkant-/7th task (ROS2 Intermediate)/install/urdf_launch${CMAKE_PREFIX_PATH} PYTHONPATH=/Users/kamal/git_/Kamalkant-/7th task (ROS2 Intermediate)/install/joint_state_publisher_gui/lib/python3.11/site-packages:/Users/kamal/git_/Kamalkant-/7th task (ROS2 Intermediate)/install/joint_state_publisher/lib/python3.11/site-packages:${PYTHONPATH} SHLVL=2 _=/Users/kamal/miniconda3/envs/ros_hum/bin/env /Users/kamal/miniconda3/envs/ros_hum/bin/cmake --build /Users/kamal/git_/Kamalkant-/7th task (ROS2 Intermediate)/build/urdf_sim_tutorial -- -j8 -l8
[0.063s] Invoked command in '/Users/kamal/git_/Kamalkant-/7th task (ROS2 Intermediate)/build/urdf_sim_tutorial' returned '0': AMENT_PREFIX_PATH=/Users/kamal/git_/Kamalkant-/7th task (ROS2 Intermediate)/install/urdf_tutorial:/Users/kamal/git_/Kamalkant-/7th task (ROS2 Intermediate)/install/urdf_launch:/Users/kamal/git_/Kamalkant-/7th task (ROS2 Intermediate)/install/joint_state_publisher_gui:/Users/kamal/git_/Kamalkant-/7th task (ROS2 Intermediate)/install/joint_state_publisher:${AMENT_PREFIX_PATH} CMAKE_PREFIX_PATH=/Users/kamal/git_/Kamalkant-/7th task (ROS2 Intermediate)/install/urdf_tutorial:/Users/kamal/git_/Kamalkant-/7th task (ROS2 Intermediate)/install/urdf_launch${CMAKE_PREFIX_PATH} PYTHONPATH=/Users/kamal/git_/Kamalkant-/7th task (ROS2 Intermediate)/install/joint_state_publisher_gui/lib/python3.11/site-packages:/Users/kamal/git_/Kamalkant-/7th task (ROS2 Intermediate)/install/joint_state_publisher/lib/python3.11/site-packages:${PYTHONPATH} SHLVL=2 _=/Users/kamal/miniconda3/envs/ros_hum/bin/env /Users/kamal/miniconda3/envs/ros_hum/bin/cmake --build /Users/kamal/git_/Kamalkant-/7th task (ROS2 Intermediate)/build/urdf_sim_tutorial -- -j8 -l8
[0.109s] Invoking command in '/Users/kamal/git_/Kamalkant-/7th task (ROS2 Intermediate)/build/urdf_sim_tutorial': AMENT_PREFIX_PATH=/Users/kamal/git_/Kamalkant-/7th task (ROS2 Intermediate)/install/urdf_tutorial:/Users/kamal/git_/Kamalkant-/7th task (ROS2 Intermediate)/install/urdf_launch:/Users/kamal/git_/Kamalkant-/7th task (ROS2 Intermediate)/install/joint_state_publisher_gui:/Users/kamal/git_/Kamalkant-/7th task (ROS2 Intermediate)/install/joint_state_publisher:${AMENT_PREFIX_PATH} CMAKE_PREFIX_PATH=/Users/kamal/git_/Kamalkant-/7th task (ROS2 Intermediate)/install/urdf_tutorial:/Users/kamal/git_/Kamalkant-/7th task (ROS2 Intermediate)/install/urdf_launch${CMAKE_PREFIX_PATH} PYTHONPATH=/Users/kamal/git_/Kamalkant-/7th task (ROS2 Intermediate)/install/joint_state_publisher_gui/lib/python3.11/site-packages:/Users/kamal/git_/Kamalkant-/7th task (ROS2 Intermediate)/install/joint_state_publisher/lib/python3.11/site-packages:${PYTHONPATH} SHLVL=2 _=/Users/kamal/miniconda3/envs/ros_hum/bin/env /Users/kamal/miniconda3/envs/ros_hum/bin/cmake --install /Users/kamal/git_/Kamalkant-/7th task (ROS2 Intermediate)/build/urdf_sim_tutorial
[0.118s] -- Install configuration: ""
[0.118s] -- Up-to-date: /Users/kamal/git_/Kamalkant-/7th task (ROS2 Intermediate)/install/urdf_sim_tutorial/share/urdf_sim_tutorial/config
[0.118s] -- Up-to-date: /Users/kamal/git_/Kamalkant-/7th task (ROS2 Intermediate)/install/urdf_sim_tutorial/share/urdf_sim_tutorial/config/joints.yaml
[0.118s] -- Up-to-date: /Users/kamal/git_/Kamalkant-/7th task (ROS2 Intermediate)/install/urdf_sim_tutorial/share/urdf_sim_tutorial/config/diffdrive.yaml
[0.118s] -- Up-to-date: /Users/kamal/git_/Kamalkant-/7th task (ROS2 Intermediate)/install/urdf_sim_tutorial/share/urdf_sim_tutorial/config/head.yaml
[0.118s] -- Up-to-date: /Users/kamal/git_/Kamalkant-/7th task (ROS2 Intermediate)/install/urdf_sim_tutorial/share/urdf_sim_tutorial/config/gripper.yaml
[0.118s] -- Up-to-date: /Users/kamal/git_/Kamalkant-/7th task (ROS2 Intermediate)/install/urdf_sim_tutorial/share/urdf_sim_tutorial/config/mimic-gripper.yaml
[0.118s] -- Up-to-date: /Users/kamal/git_/Kamalkant-/7th task (ROS2 Intermediate)/install/urdf_sim_tutorial/share/urdf_sim_tutorial/config/09a-minimal.yaml
[0.119s] -- Up-to-date: /Users/kamal/git_/Kamalkant-/7th task (ROS2 Intermediate)/install/urdf_sim_tutorial/share/urdf_sim_tutorial/launch
[0.119s] -- Up-to-date: /Users/kamal/git_/Kamalkant-/7th task (ROS2 Intermediate)/install/urdf_sim_tutorial/share/urdf_sim_tutorial/launch/12-gripper.launch.py
[0.119s] -- Up-to-date: /Users/kamal/git_/Kamalkant-/7th task (ROS2 Intermediate)/install/urdf_sim_tutorial/share/urdf_sim_tutorial/launch/gazebo.launch.py
[0.119s] -- Up-to-date: /Users/kamal/git_/Kamalkant-/7th task (ROS2 Intermediate)/install/urdf_sim_tutorial/share/urdf_sim_tutorial/launch/10-head.launch.py
[0.119s] -- Up-to-date: /Users/kamal/git_/Kamalkant-/7th task (ROS2 Intermediate)/install/urdf_sim_tutorial/share/urdf_sim_tutorial/launch/09-joints.launch.py
[0.119s] -- Up-to-date: /Users/kamal/git_/Kamalkant-/7th task (ROS2 Intermediate)/install/urdf_sim_tutorial/share/urdf_sim_tutorial/launch/13-diffdrive.launch.py
[0.119s] -- Up-to-date: /Users/kamal/git_/Kamalkant-/7th task (ROS2 Intermediate)/install/urdf_sim_tutorial/share/urdf_sim_tutorial/launch/09a-minimal.launch.py
[0.119s] -- Up-to-date: /Users/kamal/git_/Kamalkant-/7th task (ROS2 Intermediate)/install/urdf_sim_tutorial/share/urdf_sim_tutorial/rviz
[0.119s] -- Up-to-date: /Users/kamal/git_/Kamalkant-/7th task (ROS2 Intermediate)/install/urdf_sim_tutorial/share/urdf_sim_tutorial/rviz/odom_urdf.rviz
[0.119s] -- Up-to-date: /Users/kamal/git_/Kamalkant-/7th task (ROS2 Intermediate)/install/urdf_sim_tutorial/share/urdf_sim_tutorial/urdf
[0.119s] -- Up-to-date: /Users/kamal/git_/Kamalkant-/7th task (ROS2 Intermediate)/install/urdf_sim_tutorial/share/urdf_sim_tutorial/urdf/09-publishjoints.urdf.xacro
[0.119s] -- Up-to-date: /Users/kamal/git_/Kamalkant-/7th task (ROS2 Intermediate)/install/urdf_sim_tutorial/share/urdf_sim_tutorial/urdf/10-firsttransmission.urdf.xacro
[0.119s] -- Up-to-date: /Users/kamal/git_/Kamalkant-/7th task (ROS2 Intermediate)/install/urdf_sim_tutorial/share/urdf_sim_tutorial/urdf/11-limittransmission.urdf.xacro
[0.119s] -- Up-to-date: /Users/kamal/git_/Kamalkant-/7th task (ROS2 Intermediate)/install/urdf_sim_tutorial/share/urdf_sim_tutorial/urdf/12-gripper.urdf.xacro
[0.119s] -- Up-to-date: /Users/kamal/git_/Kamalkant-/7th task (ROS2 Intermediate)/install/urdf_sim_tutorial/share/urdf_sim_tutorial/urdf/09a-minimal.urdf.xacro
[0.119s] -- Up-to-date: /Users/kamal/git_/Kamalkant-/7th task (ROS2 Intermediate)/install/urdf_sim_tutorial/share/urdf_sim_tutorial/urdf/13-diffdrive.urdf.xacro
[0.119s] -- Up-to-date: /Users/kamal/git_/Kamalkant-/7th task (ROS2 Intermediate)/install/urdf_sim_tutorial/share/urdf_sim_tutorial/urdf/12a-mimic-gripper.urdf.xacro
[0.120s] -- Up-to-date: /Users/kamal/git_/Kamalkant-/7th task (ROS2 Intermediate)/install/urdf_sim_tutorial/share/ament_index/resource_index/package_run_dependencies/urdf_sim_tutorial
[0.120s] -- Up-to-date: /Users/kamal/git_/Kamalkant-/7th task (ROS2 Intermediate)/install/urdf_sim_tutorial/share/ament_index/resource_index/parent_prefix_path/urdf_sim_tutorial
[0.120s] -- Up-to-date: /Users/kamal/git_/Kamalkant-/7th task (ROS2 Intermediate)/install/urdf_sim_tutorial/share/urdf_sim_tutorial/environment/ament_prefix_path.sh
[0.120s] -- Up-to-date: /Users/kamal/git_/Kamalkant-/7th task (ROS2 Intermediate)/install/urdf_sim_tutorial/share/urdf_sim_tutorial/environment/ament_prefix_path.dsv
[0.120s] -- Up-to-date: /Users/kamal/git_/Kamalkant-/7th task (ROS2 Intermediate)/install/urdf_sim_tutorial/share/urdf_sim_tutorial/environment/path.sh
[0.120s] -- Up-to-date: /Users/kamal/git_/Kamalkant-/7th task (ROS2 Intermediate)/install/urdf_sim_tutorial/share/urdf_sim_tutorial/environment/path.dsv
[0.120s] -- Up-to-date: /Users/kamal/git_/Kamalkant-/7th task (ROS2 Intermediate)/install/urdf_sim_tutorial/share/urdf_sim_tutorial/local_setup.bash
[0.120s] -- Up-to-date: /Users/kamal/git_/Kamalkant-/7th task (ROS2 Intermediate)/install/urdf_sim_tutorial/share/urdf_sim_tutorial/local_setup.sh
[0.120s] -- Up-to-date: /Users/kamal/git_/Kamalkant-/7th task (ROS2 Intermediate)/install/urdf_sim_tutorial/share/urdf_sim_tutorial/local_setup.zsh
[0.120s] -- Up-to-date: /Users/kamal/git_/Kamalkant-/7th task (ROS2 Intermediate)/install/urdf_sim_tutorial/share/urdf_sim_tutorial/local_setup.dsv
[0.120s] -- Up-to-date: /Users/kamal/git_/Kamalkant-/7th task (ROS2 Intermediate)/install/urdf_sim_tutorial/share/urdf_sim_tutorial/package.dsv
[0.120s] -- Up-to-date: /Users/kamal/git_/Kamalkant-/7th task (ROS2 Intermediate)/install/urdf_sim_tutorial/share/ament_index/resource_index/packages/urdf_sim_tutorial
[0.120s] -- Up-to-date: /Users/kamal/git_/Kamalkant-/7th task (ROS2 Intermediate)/install/urdf_sim_tutorial/share/urdf_sim_tutorial/cmake/urdf_sim_tutorialConfig.cmake
[0.120s] -- Up-to-date: /Users/kamal/git_/Kamalkant-/7th task (ROS2 Intermediate)/install/urdf_sim_tutorial/share/urdf_sim_tutorial/cmake/urdf_sim_tutorialConfig-version.cmake
[0.120s] -- Up-to-date: /Users/kamal/git_/Kamalkant-/7th task (ROS2 Intermediate)/install/urdf_sim_tutorial/share/urdf_sim_tutorial/package.xml
[0.122s] Invoked command in '/Users/kamal/git_/Kamalkant-/7th task (ROS2 Intermediate)/build/urdf_sim_tutorial' returned '0': AMENT_PREFIX_PATH=/Users/kamal/git_/Kamalkant-/7th task (ROS2 Intermediate)/install/urdf_tutorial:/Users/kamal/git_/Kamalkant-/7th task (ROS2 Intermediate)/install/urdf_launch:/Users/kamal/git_/Kamalkant-/7th task (ROS2 Intermediate)/install/joint_state_publisher_gui:/Users/kamal/git_/Kamalkant-/7th task (ROS2 Intermediate)/install/joint_state_publisher:${AMENT_PREFIX_PATH} CMAKE_PREFIX_PATH=/Users/kamal/git_/Kamalkant-/7th task (ROS2 Intermediate)/install/urdf_tutorial:/Users/kamal/git_/Kamalkant-/7th task (ROS2 Intermediate)/install/urdf_launch${CMAKE_PREFIX_PATH} PYTHONPATH=/Users/kamal/git_/Kamalkant-/7th task (ROS2 Intermediate)/install/joint_state_publisher_gui/lib/python3.11/site-packages:/Users/kamal/git_/Kamalkant-/7th task (ROS2 Intermediate)/install/joint_state_publisher/lib/python3.11/site-packages:${PYTHONPATH} SHLVL=2 _=/Users/kamal/miniconda3/envs/ros_hum/bin/env /Users/kamal/miniconda3/envs/ros_hum/bin/cmake --install /Users/kamal/git_/Kamalkant-/7th task (ROS2 Intermediate)/build/urdf_sim_tutorial
