[1.243s] Invoking command in '/Users/kamal/git_/Kamalkant-/7th task (ROS2 Intermediate)/src/learning_tf2_py': PYTHONPATH=/Users/kamal/git_/Kamalkant-/7th task (ROS2 Intermediate)/build/learning_tf2_py/prefix_override:/Users/kamal/miniconda3/envs/ros_hum/lib/python3.11/site-packages/colcon_core/task/python/colcon_distutils_commands:/Users/kamal/git_/Kamalkant-/7th task (ROS2 Intermediate)/install/learning_tf2_py/lib/python3.11/site-packages:${PYTHONPATH} SHLVL=2 _=/Users/kamal/miniconda3/envs/ros_hum/bin/env /Users/kamal/miniconda3/envs/ros_hum/bin/python3.11 -W ignore:setup.py install is deprecated setup.py egg_info --egg-base ../../build/learning_tf2_py build --build-base /Users/kamal/git_/Kamalkant-/7th task (ROS2 Intermediate)/build/learning_tf2_py/build install --record /Users/kamal/git_/Kamalkant-/7th task (ROS2 Intermediate)/build/learning_tf2_py/install.log --single-version-externally-managed install_data
[1.529s] running egg_info
[1.541s] creating ../../build/learning_tf2_py/learning_tf2_py.egg-info
[1.541s] writing ../../build/learning_tf2_py/learning_tf2_py.egg-info/PKG-INFO
[1.541s] writing dependency_links to ../../build/learning_tf2_py/learning_tf2_py.egg-info/dependency_links.txt
[1.542s] writing entry points to ../../build/learning_tf2_py/learning_tf2_py.egg-info/entry_points.txt
[1.543s] writing requirements to ../../build/learning_tf2_py/learning_tf2_py.egg-info/requires.txt
[1.544s] writing top-level names to ../../build/learning_tf2_py/learning_tf2_py.egg-info/top_level.txt
[1.544s] writing manifest file '../../build/learning_tf2_py/learning_tf2_py.egg-info/SOURCES.txt'
[1.568s] reading manifest file '../../build/learning_tf2_py/learning_tf2_py.egg-info/SOURCES.txt'
[1.568s] adding license file 'LICENSE'
[1.568s] writing manifest file '../../build/learning_tf2_py/learning_tf2_py.egg-info/SOURCES.txt'
[1.569s] running build
[1.569s] running build_py
[1.571s] creating /Users/kamal/git_/Kamalkant-/7th task (ROS2 Intermediate)/build/learning_tf2_py/build/lib/learning_tf2_py
[1.571s] copying learning_tf2_py/fixed_frame_tf2_broadcaster.py -> /Users/kamal/git_/Kamalkant-/7th task (ROS2 Intermediate)/build/learning_tf2_py/build/lib/learning_tf2_py
[1.571s] copying learning_tf2_py/static_turtle_tf2_broadcaster.py -> /Users/kamal/git_/Kamalkant-/7th task (ROS2 Intermediate)/build/learning_tf2_py/build/lib/learning_tf2_py
[1.572s] copying learning_tf2_py/dynamic_frame_tf2_broadcaster.py -> /Users/kamal/git_/Kamalkant-/7th task (ROS2 Intermediate)/build/learning_tf2_py/build/lib/learning_tf2_py
[1.572s] copying learning_tf2_py/__init__.py -> /Users/kamal/git_/Kamalkant-/7th task (ROS2 Intermediate)/build/learning_tf2_py/build/lib/learning_tf2_py
[1.572s] copying learning_tf2_py/turtle_tf2_broadcaster.py -> /Users/kamal/git_/Kamalkant-/7th task (ROS2 Intermediate)/build/learning_tf2_py/build/lib/learning_tf2_py
[1.572s] copying learning_tf2_py/turtle_tf2_listener.py -> /Users/kamal/git_/Kamalkant-/7th task (ROS2 Intermediate)/build/learning_tf2_py/build/lib/learning_tf2_py
[1.574s] running install
[1.575s] running install_lib
[1.592s] creating /Users/kamal/git_/Kamalkant-/7th task (ROS2 Intermediate)/install/learning_tf2_py/lib/python3.11/site-packages/learning_tf2_py
[1.592s] copying /Users/kamal/git_/Kamalkant-/7th task (ROS2 Intermediate)/build/learning_tf2_py/build/lib/learning_tf2_py/fixed_frame_tf2_broadcaster.py -> /Users/kamal/git_/Kamalkant-/7th task (ROS2 Intermediate)/install/learning_tf2_py/lib/python3.11/site-packages/learning_tf2_py
[1.592s] copying /Users/kamal/git_/Kamalkant-/7th task (ROS2 Intermediate)/build/learning_tf2_py/build/lib/learning_tf2_py/static_turtle_tf2_broadcaster.py -> /Users/kamal/git_/Kamalkant-/7th task (ROS2 Intermediate)/install/learning_tf2_py/lib/python3.11/site-packages/learning_tf2_py
[1.593s] copying /Users/kamal/git_/Kamalkant-/7th task (ROS2 Intermediate)/build/learning_tf2_py/build/lib/learning_tf2_py/dynamic_frame_tf2_broadcaster.py -> /Users/kamal/git_/Kamalkant-/7th task (ROS2 Intermediate)/install/learning_tf2_py/lib/python3.11/site-packages/learning_tf2_py
[1.593s] copying /Users/kamal/git_/Kamalkant-/7th task (ROS2 Intermediate)/build/learning_tf2_py/build/lib/learning_tf2_py/__init__.py -> /Users/kamal/git_/Kamalkant-/7th task (ROS2 Intermediate)/install/learning_tf2_py/lib/python3.11/site-packages/learning_tf2_py
[1.594s] copying /Users/kamal/git_/Kamalkant-/7th task (ROS2 Intermediate)/build/learning_tf2_py/build/lib/learning_tf2_py/turtle_tf2_broadcaster.py -> /Users/kamal/git_/Kamalkant-/7th task (ROS2 Intermediate)/install/learning_tf2_py/lib/python3.11/site-packages/learning_tf2_py
[1.594s] copying /Users/kamal/git_/Kamalkant-/7th task (ROS2 Intermediate)/build/learning_tf2_py/build/lib/learning_tf2_py/turtle_tf2_listener.py -> /Users/kamal/git_/Kamalkant-/7th task (ROS2 Intermediate)/install/learning_tf2_py/lib/python3.11/site-packages/learning_tf2_py
[1.594s] byte-compiling /Users/kamal/git_/Kamalkant-/7th task (ROS2 Intermediate)/install/learning_tf2_py/lib/python3.11/site-packages/learning_tf2_py/fixed_frame_tf2_broadcaster.py to fixed_frame_tf2_broadcaster.cpython-311.pyc
[1.596s] byte-compiling /Users/kamal/git_/Kamalkant-/7th task (ROS2 Intermediate)/install/learning_tf2_py/lib/python3.11/site-packages/learning_tf2_py/static_turtle_tf2_broadcaster.py to static_turtle_tf2_broadcaster.cpython-311.pyc
[1.596s] byte-compiling /Users/kamal/git_/Kamalkant-/7th task (ROS2 Intermediate)/install/learning_tf2_py/lib/python3.11/site-packages/learning_tf2_py/dynamic_frame_tf2_broadcaster.py to dynamic_frame_tf2_broadcaster.cpython-311.pyc
[1.596s] byte-compiling /Users/kamal/git_/Kamalkant-/7th task (ROS2 Intermediate)/install/learning_tf2_py/lib/python3.11/site-packages/learning_tf2_py/__init__.py to __init__.cpython-311.pyc
[1.596s] byte-compiling /Users/kamal/git_/Kamalkant-/7th task (ROS2 Intermediate)/install/learning_tf2_py/lib/python3.11/site-packages/learning_tf2_py/turtle_tf2_broadcaster.py to turtle_tf2_broadcaster.cpython-311.pyc
[1.596s] byte-compiling /Users/kamal/git_/Kamalkant-/7th task (ROS2 Intermediate)/install/learning_tf2_py/lib/python3.11/site-packages/learning_tf2_py/turtle_tf2_listener.py to turtle_tf2_listener.cpython-311.pyc
[1.597s] running install_data
[1.599s] creating /Users/kamal/git_/Kamalkant-/7th task (ROS2 Intermediate)/install/learning_tf2_py/share/ament_index/resource_index/packages
[1.600s] copying resource/learning_tf2_py -> /Users/kamal/git_/Kamalkant-/7th task (ROS2 Intermediate)/install/learning_tf2_py/share/ament_index/resource_index/packages
[1.600s] copying package.xml -> /Users/kamal/git_/Kamalkant-/7th task (ROS2 Intermediate)/install/learning_tf2_py/share/learning_tf2_py
[1.600s] creating /Users/kamal/git_/Kamalkant-/7th task (ROS2 Intermediate)/install/learning_tf2_py/share/learning_tf2_py/launch
[1.600s] copying launch/turtle_tf2_fixed_frame_demo.launch.py -> /Users/kamal/git_/Kamalkant-/7th task (ROS2 Intermediate)/install/learning_tf2_py/share/learning_tf2_py/launch
[1.602s] copying launch/turtle_tf2_demo.launch.py -> /Users/kamal/git_/Kamalkant-/7th task (ROS2 Intermediate)/install/learning_tf2_py/share/learning_tf2_py/launch
[1.603s] copying launch/turtle_tf2_dynamic_frame_demo.launch.py -> /Users/kamal/git_/Kamalkant-/7th task (ROS2 Intermediate)/install/learning_tf2_py/share/learning_tf2_py/launch
[1.603s] running install_egg_info
[1.610s] Copying ../../build/learning_tf2_py/learning_tf2_py.egg-info to /Users/kamal/git_/Kamalkant-/7th task (ROS2 Intermediate)/install/learning_tf2_py/lib/python3.11/site-packages/learning_tf2_py-0.0.0-py3.11.egg-info
[1.612s] running install_scripts
[1.699s] Installing dynamic_frame_tf2_broadcaster script to /Users/kamal/git_/Kamalkant-/7th task (ROS2 Intermediate)/install/learning_tf2_py/lib/learning_tf2_py
[1.699s] Installing fixed_frame_tf2_broadcaster script to /Users/kamal/git_/Kamalkant-/7th task (ROS2 Intermediate)/install/learning_tf2_py/lib/learning_tf2_py
[1.699s] Installing static_turtle_tf2_broadcaster script to /Users/kamal/git_/Kamalkant-/7th task (ROS2 Intermediate)/install/learning_tf2_py/lib/learning_tf2_py
[1.699s] Installing turtle_tf2_broadcaster script to /Users/kamal/git_/Kamalkant-/7th task (ROS2 Intermediate)/install/learning_tf2_py/lib/learning_tf2_py
[1.700s] Installing turtle_tf2_listener script to /Users/kamal/git_/Kamalkant-/7th task (ROS2 Intermediate)/install/learning_tf2_py/lib/learning_tf2_py
[1.700s] writing list of installed files to '/Users/kamal/git_/Kamalkant-/7th task (ROS2 Intermediate)/build/learning_tf2_py/install.log'
[1.843s] Invoked command in '/Users/kamal/git_/Kamalkant-/7th task (ROS2 Intermediate)/src/learning_tf2_py' returned '0': PYTHONPATH=/Users/kamal/git_/Kamalkant-/7th task (ROS2 Intermediate)/build/learning_tf2_py/prefix_override:/Users/kamal/miniconda3/envs/ros_hum/lib/python3.11/site-packages/colcon_core/task/python/colcon_distutils_commands:/Users/kamal/git_/Kamalkant-/7th task (ROS2 Intermediate)/install/learning_tf2_py/lib/python3.11/site-packages:${PYTHONPATH} SHLVL=2 _=/Users/kamal/miniconda3/envs/ros_hum/bin/env /Users/kamal/miniconda3/envs/ros_hum/bin/python3.11 -W ignore:setup.py install is deprecated setup.py egg_info --egg-base ../../build/learning_tf2_py build --build-base /Users/kamal/git_/Kamalkant-/7th task (ROS2 Intermediate)/build/learning_tf2_py/build install --record /Users/kamal/git_/Kamalkant-/7th task (ROS2 Intermediate)/build/learning_tf2_py/install.log --single-version-externally-managed install_data
