running egg_info
writing ../../../build/joint_state_publisher/joint_state_publisher.egg-info/PKG-INFO
writing dependency_links to ../../../build/joint_state_publisher/joint_state_publisher.egg-info/dependency_links.txt
writing entry points to ../../../build/joint_state_publisher/joint_state_publisher.egg-info/entry_points.txt
writing requirements to ../../../build/joint_state_publisher/joint_state_publisher.egg-info/requires.txt
writing top-level names to ../../../build/joint_state_publisher/joint_state_publisher.egg-info/top_level.txt
reading manifest file '../../../build/joint_state_publisher/joint_state_publisher.egg-info/SOURCES.txt'
adding license file 'LICENSE'
writing manifest file '../../../build/joint_state_publisher/joint_state_publisher.egg-info/SOURCES.txt'
running build
running build_py
copying joint_state_publisher/joint_state_publisher.py -> /Users/kamal/git_/Kamalkant-/7th task (ROS2 Intermediate)/build/joint_state_publisher/build/lib/joint_state_publisher
copying joint_state_publisher/__init__.py -> /Users/kamal/git_/Kamalkant-/7th task (ROS2 Intermediate)/build/joint_state_publisher/build/lib/joint_state_publisher
running install
running install_lib
running install_data
copying resource/joint_state_publisher -> /Users/kamal/git_/Kamalkant-/7th task (ROS2 Intermediate)/install/joint_state_publisher/share/ament_index/resource_index/packages
copying package.xml -> /Users/kamal/git_/Kamalkant-/7th task (ROS2 Intermediate)/install/joint_state_publisher/share/joint_state_publisher
running install_egg_info
removing '/Users/kamal/git_/Kamalkant-/7th task (ROS2 Intermediate)/install/joint_state_publisher/lib/python3.11/site-packages/joint_state_publisher-2.4.0-py3.11.egg-info' (and everything under it)
Copying ../../../build/joint_state_publisher/joint_state_publisher.egg-info to /Users/kamal/git_/Kamalkant-/7th task (ROS2 Intermediate)/install/joint_state_publisher/lib/python3.11/site-packages/joint_state_publisher-2.4.0-py3.11.egg-info
running install_scripts
Installing joint_state_publisher script to /Users/kamal/git_/Kamalkant-/7th task (ROS2 Intermediate)/install/joint_state_publisher/lib/joint_state_publisher
writing list of installed files to '/Users/kamal/git_/Kamalkant-/7th task (ROS2 Intermediate)/build/joint_state_publisher/install.log'
