[0.015s] Invoking command in '/Users/kamal/git_/Kamalkant-/7th task (ROS2 Intermediate)/build/urdf_tutorial': AMENT_PREFIX_PATH=/Users/kamal/git_/Kamalkant-/7th task (ROS2 Intermediate)/install/urdf_launch:/Users/kamal/git_/Kamalkant-/7th task (ROS2 Intermediate)/install/joint_state_publisher_gui:/Users/kamal/git_/Kamalkant-/7th task (ROS2 Intermediate)/install/joint_state_publisher:${AMENT_PREFIX_PATH} CMAKE_PREFIX_PATH=/Users/kamal/git_/Kamalkant-/7th task (ROS2 Intermediate)/install/urdf_launch${CMAKE_PREFIX_PATH} PYTHONPATH=/Users/kamal/git_/Kamalkant-/7th task (ROS2 Intermediate)/install/joint_state_publisher_gui/lib/python3.11/site-packages:/Users/kamal/git_/Kamalkant-/7th task (ROS2 Intermediate)/install/joint_state_publisher/lib/python3.11/site-packages:${PYTHONPATH} SHLVL=2 _=/Users/kamal/miniconda3/envs/ros_hum/bin/env /Users/kamal/miniconda3/envs/ros_hum/bin/cmake --build /Users/kamal/git_/Kamalkant-/7th task (ROS2 Intermediate)/build/urdf_tutorial -- -j8 -l8
[0.064s] Invoked command in '/Users/kamal/git_/Kamalkant-/7th task (ROS2 Intermediate)/build/urdf_tutorial' returned '0': AMENT_PREFIX_PATH=/Users/kamal/git_/Kamalkant-/7th task (ROS2 Intermediate)/install/urdf_launch:/Users/kamal/git_/Kamalkant-/7th task (ROS2 Intermediate)/install/joint_state_publisher_gui:/Users/kamal/git_/Kamalkant-/7th task (ROS2 Intermediate)/install/joint_state_publisher:${AMENT_PREFIX_PATH} CMAKE_PREFIX_PATH=/Users/kamal/git_/Kamalkant-/7th task (ROS2 Intermediate)/install/urdf_launch${CMAKE_PREFIX_PATH} PYTHONPATH=/Users/kamal/git_/Kamalkant-/7th task (ROS2 Intermediate)/install/joint_state_publisher_gui/lib/python3.11/site-packages:/Users/kamal/git_/Kamalkant-/7th task (ROS2 Intermediate)/install/joint_state_publisher/lib/python3.11/site-packages:${PYTHONPATH} SHLVL=2 _=/Users/kamal/miniconda3/envs/ros_hum/bin/env /Users/kamal/miniconda3/envs/ros_hum/bin/cmake --build /Users/kamal/git_/Kamalkant-/7th task (ROS2 Intermediate)/build/urdf_tutorial -- -j8 -l8
[0.113s] Invoking command in '/Users/kamal/git_/Kamalkant-/7th task (ROS2 Intermediate)/build/urdf_tutorial': AMENT_PREFIX_PATH=/Users/kamal/git_/Kamalkant-/7th task (ROS2 Intermediate)/install/urdf_launch:/Users/kamal/git_/Kamalkant-/7th task (ROS2 Intermediate)/install/joint_state_publisher_gui:/Users/kamal/git_/Kamalkant-/7th task (ROS2 Intermediate)/install/joint_state_publisher:${AMENT_PREFIX_PATH} CMAKE_PREFIX_PATH=/Users/kamal/git_/Kamalkant-/7th task (ROS2 Intermediate)/install/urdf_launch${CMAKE_PREFIX_PATH} PYTHONPATH=/Users/kamal/git_/Kamalkant-/7th task (ROS2 Intermediate)/install/joint_state_publisher_gui/lib/python3.11/site-packages:/Users/kamal/git_/Kamalkant-/7th task (ROS2 Intermediate)/install/joint_state_publisher/lib/python3.11/site-packages:${PYTHONPATH} SHLVL=2 _=/Users/kamal/miniconda3/envs/ros_hum/bin/env /Users/kamal/miniconda3/envs/ros_hum/bin/cmake --install /Users/kamal/git_/Kamalkant-/7th task (ROS2 Intermediate)/build/urdf_tutorial
[0.122s] -- Install configuration: ""
[0.122s] -- Up-to-date: /Users/kamal/git_/Kamalkant-/7th task (ROS2 Intermediate)/install/urdf_tutorial/share/urdf_tutorial/images
[0.122s] -- Up-to-date: /Users/kamal/git_/Kamalkant-/7th task (ROS2 Intermediate)/install/urdf_tutorial/share/urdf_tutorial/images/origins.png
[0.122s] -- Up-to-date: /Users/kamal/git_/Kamalkant-/7th task (ROS2 Intermediate)/install/urdf_tutorial/share/urdf_tutorial/images/myfirst.png
[0.122s] -- Up-to-date: /Users/kamal/git_/Kamalkant-/7th task (ROS2 Intermediate)/install/urdf_tutorial/share/urdf_tutorial/images/visual.png
[0.122s] -- Up-to-date: /Users/kamal/git_/Kamalkant-/7th task (ROS2 Intermediate)/install/urdf_tutorial/share/urdf_tutorial/images/multipleshapes.png
[0.122s] -- Up-to-date: /Users/kamal/git_/Kamalkant-/7th task (ROS2 Intermediate)/install/urdf_tutorial/share/urdf_tutorial/images/flexible.png
[0.122s] -- Up-to-date: /Users/kamal/git_/Kamalkant-/7th task (ROS2 Intermediate)/install/urdf_tutorial/share/urdf_tutorial/images/materials.png
[0.122s] -- Up-to-date: /Users/kamal/git_/Kamalkant-/7th task (ROS2 Intermediate)/install/urdf_tutorial/share/urdf_tutorial/launch
[0.122s] -- Up-to-date: /Users/kamal/git_/Kamalkant-/7th task (ROS2 Intermediate)/install/urdf_tutorial/share/urdf_tutorial/launch/display.launch.py
[0.122s] -- Up-to-date: /Users/kamal/git_/Kamalkant-/7th task (ROS2 Intermediate)/install/urdf_tutorial/share/urdf_tutorial/meshes
[0.122s] -- Up-to-date: /Users/kamal/git_/Kamalkant-/7th task (ROS2 Intermediate)/install/urdf_tutorial/share/urdf_tutorial/meshes/l_finger_tip_color.png
[0.122s] -- Up-to-date: /Users/kamal/git_/Kamalkant-/7th task (ROS2 Intermediate)/install/urdf_tutorial/share/urdf_tutorial/meshes/l_finger_tip.dae
[0.122s] -- Up-to-date: /Users/kamal/git_/Kamalkant-/7th task (ROS2 Intermediate)/install/urdf_tutorial/share/urdf_tutorial/meshes/l_finger_color.png
[0.122s] -- Up-to-date: /Users/kamal/git_/Kamalkant-/7th task (ROS2 Intermediate)/install/urdf_tutorial/share/urdf_tutorial/meshes/l_finger.dae
[0.122s] -- Up-to-date: /Users/kamal/git_/Kamalkant-/7th task (ROS2 Intermediate)/install/urdf_tutorial/share/urdf_tutorial/rviz
[0.122s] -- Up-to-date: /Users/kamal/git_/Kamalkant-/7th task (ROS2 Intermediate)/install/urdf_tutorial/share/urdf_tutorial/rviz/urdf.rviz
[0.123s] -- Up-to-date: /Users/kamal/git_/Kamalkant-/7th task (ROS2 Intermediate)/install/urdf_tutorial/share/urdf_tutorial/urdf
[0.123s] -- Up-to-date: /Users/kamal/git_/Kamalkant-/7th task (ROS2 Intermediate)/install/urdf_tutorial/share/urdf_tutorial/urdf/07-physics.urdf
[0.123s] -- Up-to-date: /Users/kamal/git_/Kamalkant-/7th task (ROS2 Intermediate)/install/urdf_tutorial/share/urdf_tutorial/urdf/08-macroed.urdf.xacro
[0.123s] -- Up-to-date: /Users/kamal/git_/Kamalkant-/7th task (ROS2 Intermediate)/install/urdf_tutorial/share/urdf_tutorial/urdf/05-visual.urdf
[0.123s] -- Up-to-date: /Users/kamal/git_/Kamalkant-/7th task (ROS2 Intermediate)/install/urdf_tutorial/share/urdf_tutorial/urdf/01-myfirst.urdf
[0.123s] -- Up-to-date: /Users/kamal/git_/Kamalkant-/7th task (ROS2 Intermediate)/install/urdf_tutorial/share/urdf_tutorial/urdf/02-multipleshapes.urdf
[0.123s] -- Up-to-date: /Users/kamal/git_/Kamalkant-/7th task (ROS2 Intermediate)/install/urdf_tutorial/share/urdf_tutorial/urdf/06-flexible.urdf
[0.123s] -- Up-to-date: /Users/kamal/git_/Kamalkant-/7th task (ROS2 Intermediate)/install/urdf_tutorial/share/urdf_tutorial/urdf/04-materials.urdf
[0.123s] -- Up-to-date: /Users/kamal/git_/Kamalkant-/7th task (ROS2 Intermediate)/install/urdf_tutorial/share/urdf_tutorial/urdf/03-origins.urdf
[0.123s] -- Up-to-date: /Users/kamal/git_/Kamalkant-/7th task (ROS2 Intermediate)/install/urdf_tutorial/share/ament_index/resource_index/package_run_dependencies/urdf_tutorial
[0.123s] -- Up-to-date: /Users/kamal/git_/Kamalkant-/7th task (ROS2 Intermediate)/install/urdf_tutorial/share/ament_index/resource_index/parent_prefix_path/urdf_tutorial
[0.123s] -- Up-to-date: /Users/kamal/git_/Kamalkant-/7th task (ROS2 Intermediate)/install/urdf_tutorial/share/urdf_tutorial/environment/ament_prefix_path.sh
[0.123s] -- Up-to-date: /Users/kamal/git_/Kamalkant-/7th task (ROS2 Intermediate)/install/urdf_tutorial/share/urdf_tutorial/environment/ament_prefix_path.dsv
[0.123s] -- Up-to-date: /Users/kamal/git_/Kamalkant-/7th task (ROS2 Intermediate)/install/urdf_tutorial/share/urdf_tutorial/environment/path.sh
[0.123s] -- Up-to-date: /Users/kamal/git_/Kamalkant-/7th task (ROS2 Intermediate)/install/urdf_tutorial/share/urdf_tutorial/environment/path.dsv
[0.123s] -- Up-to-date: /Users/kamal/git_/Kamalkant-/7th task (ROS2 Intermediate)/install/urdf_tutorial/share/urdf_tutorial/local_setup.bash
[0.123s] -- Up-to-date: /Users/kamal/git_/Kamalkant-/7th task (ROS2 Intermediate)/install/urdf_tutorial/share/urdf_tutorial/local_setup.sh
[0.123s] -- Up-to-date: /Users/kamal/git_/Kamalkant-/7th task (ROS2 Intermediate)/install/urdf_tutorial/share/urdf_tutorial/local_setup.zsh
[0.123s] -- Up-to-date: /Users/kamal/git_/Kamalkant-/7th task (ROS2 Intermediate)/install/urdf_tutorial/share/urdf_tutorial/local_setup.dsv
[0.123s] -- Up-to-date: /Users/kamal/git_/Kamalkant-/7th task (ROS2 Intermediate)/install/urdf_tutorial/share/urdf_tutorial/package.dsv
[0.123s] -- Up-to-date: /Users/kamal/git_/Kamalkant-/7th task (ROS2 Intermediate)/install/urdf_tutorial/share/ament_index/resource_index/packages/urdf_tutorial
[0.124s] -- Up-to-date: /Users/kamal/git_/Kamalkant-/7th task (ROS2 Intermediate)/install/urdf_tutorial/share/urdf_tutorial/cmake/urdf_tutorialConfig.cmake
[0.124s] -- Up-to-date: /Users/kamal/git_/Kamalkant-/7th task (ROS2 Intermediate)/install/urdf_tutorial/share/urdf_tutorial/cmake/urdf_tutorialConfig-version.cmake
[0.124s] -- Up-to-date: /Users/kamal/git_/Kamalkant-/7th task (ROS2 Intermediate)/install/urdf_tutorial/share/urdf_tutorial/package.xml
[0.125s] Invoked command in '/Users/kamal/git_/Kamalkant-/7th task (ROS2 Intermediate)/build/urdf_tutorial' returned '0': AMENT_PREFIX_PATH=/Users/kamal/git_/Kamalkant-/7th task (ROS2 Intermediate)/install/urdf_launch:/Users/kamal/git_/Kamalkant-/7th task (ROS2 Intermediate)/install/joint_state_publisher_gui:/Users/kamal/git_/Kamalkant-/7th task (ROS2 Intermediate)/install/joint_state_publisher:${AMENT_PREFIX_PATH} CMAKE_PREFIX_PATH=/Users/kamal/git_/Kamalkant-/7th task (ROS2 Intermediate)/install/urdf_launch${CMAKE_PREFIX_PATH} PYTHONPATH=/Users/kamal/git_/Kamalkant-/7th task (ROS2 Intermediate)/install/joint_state_publisher_gui/lib/python3.11/site-packages:/Users/kamal/git_/Kamalkant-/7th task (ROS2 Intermediate)/install/joint_state_publisher/lib/python3.11/site-packages:${PYTHONPATH} SHLVL=2 _=/Users/kamal/miniconda3/envs/ros_hum/bin/env /Users/kamal/miniconda3/envs/ros_hum/bin/cmake --install /Users/kamal/git_/Kamalkant-/7th task (ROS2 Intermediate)/build/urdf_tutorial
