-- The C compiler identification is Clang 18.1.7
-- The CXX compiler identification is Clang 18.1.7
-- Detecting C compiler ABI info
-- Detecting C compiler ABI info - done
-- Check for working C compiler: /Users/kamal/miniconda3/envs/ros_hum/bin/arm64-apple-darwin20.0.0-clang - skipped
-- Detecting C compile features
-- Detecting C compile features - done
-- Detecting CXX compiler ABI info
-- Detecting CXX compiler ABI info - done
-- Check for working CXX compiler: /Users/kamal/miniconda3/envs/ros_hum/bin/arm64-apple-darwin20.0.0-clang++ - skipped
-- Detecting CXX compile features
-- Detecting CXX compile features - done
-- Found ament_cmake: 1.3.7 (/Users/kamal/miniconda3/envs/ros_hum/share/ament_cmake/cmake)
-- Found Python3: /opt/homebrew/Frameworks/Python.framework/Versions/3.13/bin/python3.13 (found version "3.13.2") found components: Interpreter 
-- Found geometry_msgs: 4.2.3 (/Users/kamal/miniconda3/envs/ros_hum/share/geometry_msgs/cmake)
-- Found rosidl_generator_c: 3.1.5 (/Users/kamal/miniconda3/envs/ros_hum/share/rosidl_generator_c/cmake)
-- Found rosidl_adapter: 3.1.5 (/Users/kamal/miniconda3/envs/ros_hum/share/rosidl_adapter/cmake)
-- Found rosidl_generator_cpp: 3.1.5 (/Users/kamal/miniconda3/envs/ros_hum/share/rosidl_generator_cpp/cmake)
-- Using all available rosidl_typesupport_c: rosidl_typesupport_fastrtps_c;rosidl_typesupport_introspection_c
-- Using all available rosidl_typesupport_cpp: rosidl_typesupport_fastrtps_cpp;rosidl_typesupport_introspection_cpp
-- Found rclcpp: 16.0.8 (/Users/kamal/miniconda3/envs/ros_hum/share/rclcpp/cmake)
-- Checking for module 'yaml-0.1'
--   Found yaml-0.1, version 0.2.5
-- Found rmw_implementation_cmake: 6.1.1 (/Users/kamal/miniconda3/envs/ros_hum/share/rmw_implementation_cmake/cmake)
-- Found rmw_cyclonedds_cpp: 1.3.4 (/Users/kamal/miniconda3/envs/ros_hum/share/rmw_cyclonedds_cpp/cmake)
-- Using RMW implementation 'rmw_cyclonedds_cpp' as default
-- Performing Test CMAKE_HAVE_LIBC_PTHREAD
-- Performing Test CMAKE_HAVE_LIBC_PTHREAD - Success
-- Found Threads: TRUE  
-- Found tf2: 0.25.5 (/Users/kamal/miniconda3/envs/ros_hum/share/tf2/cmake)
-- Found tf2_ros: 0.25.5 (/Users/kamal/miniconda3/envs/ros_hum/share/tf2_ros/cmake)
-- Found turtlesim: 1.4.2 (/Users/kamal/miniconda3/envs/ros_hum/share/turtlesim/cmake)
-- Found ament_lint_auto: 0.12.10 (/Users/kamal/miniconda3/envs/ros_hum/share/ament_lint_auto/cmake)
-- Added test 'cppcheck' to perform static code analysis on C / C++ code
-- Configured cppcheck include dirs: 
-- Configured cppcheck exclude dirs and/or files: 
-- Added test 'flake8' to check Python code syntax and style conventions
-- Added test 'lint_cmake' to check CMake code style
-- Added test 'pep257' to check Python code against some of the docstring style conventions in PEP 257
-- Added test 'uncrustify' to check C / C++ code style
-- Configured uncrustify additional arguments: 
-- Added test 'xmllint' to check XML markup files
-- Configuring done (3.9s)
-- Generating done (0.0s)
-- Build files have been written to: /Users/kamal/git_/Kamalkant-/7th task (ROS2 Intermediate)/build/learning_tf2_cpp
[ 37%] Building CXX object CMakeFiles/turtle_tf2_listener.dir/src/turtle_tf2_listener.cpp.o
[ 37%] Building CXX object CMakeFiles/turtle_tf2_broadcaster.dir/src/turtle_tf2_broadcaster.cpp.o
[ 37%] Building CXX object CMakeFiles/fixed_frame_tf2_broadcaster.dir/src/fixed_frame_tf2_broadcaster.cpp.o
[ 50%] Building CXX object CMakeFiles/static_turtle_tf2_broadcaster.dir/src/static_turtle_tf2_broadcaster.cpp.o
In file included from /Users/kamal/git_/Kamalkant-/7th task (ROS2 Intermediate)/src/learning_tf2_cpp/src/turtle_tf2_broadcaster.cpp:7:
In file included from /Users/kamal/miniconda3/envs/ros_hum/include/rclcpp/rclcpp/rclcpp.hpp:155:
In file included from /Users/kamal/miniconda3/envs/ros_hum/include/rclcpp/rclcpp/executors.hpp:21:
In file included from /Users/kamal/miniconda3/envs/ros_hum/include/rclcpp/rclcpp/executors/multi_threaded_executor.hpp:25:
In file included from /Users/kamal/miniconda3/envs/ros_hum/include/rclcpp/rclcpp/executor.hpp:37:
In file included from /Users/kamal/miniconda3/envs/ros_hum/include/rclcpp/rclcpp/executor_options.hpp:20:
In file included from /Users/kamal/miniconda3/envs/ros_hum/include/rclcpp/rclcpp/memory_strategies.hpp:18:
In file included from /Users/kamal/miniconda3/envs/ros_hum/include/rclcpp/rclcpp/memory_strategy.hpp:25:
In file included from /Users/kamal/miniconda3/envs/ros_hum/include/rclcpp/rclcpp/any_executable.hpp:20:
In file included from /Users/kamal/miniconda3/envs/ros_hum/include/rclcpp/rclcpp/callback_group.hpp:29:
In file included from /Users/kamal/miniconda3/envs/ros_hum/include/rclcpp/rclcpp/subscription_base.hpp:32:
/Users/kamal/miniconda3/envs/ros_hum/include/rclcpp/rclcpp/any_subscription_callback.hpp:391:7: warning: 'set_deprecated<turtlesim::msg::Pose_<std::allocator<void>>>' is deprecated: use 'void(std::shared_ptr<const MessageT>)' instead [-Wdeprecated-declarations]
  391 |       set_deprecated(static_cast<typename scbth::callback_type>(callback));
      |       ^
/Users/kamal/miniconda3/envs/ros_hum/include/rclcpp/rclcpp/subscription_factory.hpp:94:29: note: in instantiation of function template specialization 'rclcpp::AnySubscriptionCallback<turtlesim::msg::Pose_<std::allocator<void>>>::set<std::__bind<void (FramePublisher::*)(std::shared_ptr<turtlesim::msg::Pose_<std::allocator<void>>>), FramePublisher *, const std::placeholders::__ph<1> &>>' requested here
   94 |   any_subscription_callback.set(std::forward<CallbackT>(callback));
      |                             ^
/Users/kamal/miniconda3/envs/ros_hum/include/rclcpp/rclcpp/create_subscription.hpp:122:26: note: in instantiation of function template specialization 'rclcpp::create_subscription_factory<turtlesim::msg::Pose_<std::allocator<void>>, std::__bind<void (FramePublisher::*)(std::shared_ptr<turtlesim::msg::Pose_<std::allocator<void>>>), FramePublisher *, const std::placeholders::__ph<1> &>, std::allocator<void>, rclcpp::Subscription<turtlesim::msg::Pose_<std::allocator<void>>>, rclcpp::message_memory_strategy::MessageMemoryStrategy<turtlesim::msg::Pose_<std::allocator<void>>>, turtlesim::msg::Pose_<std::allocator<void>>>' requested here
  122 |   auto factory = rclcpp::create_subscription_factory<MessageT>(
      |                          ^
/Users/kamal/miniconda3/envs/ros_hum/include/rclcpp/rclcpp/create_subscription.hpp:190:26: note: in instantiation of function template specialization 'rclcpp::detail::create_subscription<turtlesim::msg::Pose_<std::allocator<void>>, std::__bind<void (FramePublisher::*)(std::shared_ptr<turtlesim::msg::Pose_<std::allocator<void>>>), FramePublisher *, const std::placeholders::__ph<1> &>, std::allocator<void>, rclcpp::Subscription<turtlesim::msg::Pose_<std::allocator<void>>>, rclcpp::message_memory_strategy::MessageMemoryStrategy<turtlesim::msg::Pose_<std::allocator<void>>>, rclcpp::Node, rclcpp::Node, turtlesim::msg::Pose_<std::allocator<void>>>' requested here
  190 |   return rclcpp::detail::create_subscription<
      |                          ^
/Users/kamal/miniconda3/envs/ros_hum/include/rclcpp/rclcpp/node_impl.hpp:99:18: note: in instantiation of function template specialization 'rclcpp::create_subscription<turtlesim::msg::Pose_<std::allocator<void>>, std::__bind<void (FramePublisher::*)(std::shared_ptr<turtlesim::msg::Pose_<std::allocator<void>>>), FramePublisher *, const std::placeholders::__ph<1> &>, std::allocator<void>, rclcpp::Subscription<turtlesim::msg::Pose_<std::allocator<void>>>, rclcpp::message_memory_strategy::MessageMemoryStrategy<turtlesim::msg::Pose_<std::allocator<void>>>, rclcpp::Node>' requested here
   99 |   return rclcpp::create_subscription<MessageT>(
      |                  ^
/Users/kamal/git_/Kamalkant-/7th task (ROS2 Intermediate)/src/learning_tf2_cpp/src/turtle_tf2_broadcaster.cpp:31:27: note: in instantiation of function template specialization 'rclcpp::Node::create_subscription<turtlesim::msg::Pose_<std::allocator<void>>, std::__bind<void (FramePublisher::*)(std::shared_ptr<turtlesim::msg::Pose_<std::allocator<void>>>), FramePublisher *, const std::placeholders::__ph<1> &>, std::allocator<void>, rclcpp::Subscription<turtlesim::msg::Pose_<std::allocator<void>>>, rclcpp::message_memory_strategy::MessageMemoryStrategy<turtlesim::msg::Pose_<std::allocator<void>>>>' requested here
   31 |     subscription_ = this->create_subscription<turtlesim::msg::Pose>(
      |                           ^
/Users/kamal/miniconda3/envs/ros_hum/include/rclcpp/rclcpp/any_subscription_callback.hpp:405:5: note: 'set_deprecated<turtlesim::msg::Pose_<std::allocator<void>>>' has been explicitly marked deprecated here
  405 |   [[deprecated("use 'void(std::shared_ptr<const MessageT>)' instead")]]
      |     ^
[ 62%] Linking CXX executable fixed_frame_tf2_broadcaster
[ 62%] Built target fixed_frame_tf2_broadcaster
[ 75%] Linking CXX executable static_turtle_tf2_broadcaster
[ 75%] Built target static_turtle_tf2_broadcaster
[ 87%] Linking CXX executable turtle_tf2_listener
[ 87%] Built target turtle_tf2_listener
1 warning generated.
[100%] Linking CXX executable turtle_tf2_broadcaster
[100%] Built target turtle_tf2_broadcaster
-- Install configuration: ""
-- Installing: /Users/kamal/git_/Kamalkant-/7th task (ROS2 Intermediate)/install/learning_tf2_cpp/share/learning_tf2_cpp/launch
-- Installing: /Users/kamal/git_/Kamalkant-/7th task (ROS2 Intermediate)/install/learning_tf2_cpp/share/learning_tf2_cpp/launch/turtle_tf2_fixed_frame_demo.launch.py
-- Installing: /Users/kamal/git_/Kamalkant-/7th task (ROS2 Intermediate)/install/learning_tf2_cpp/share/learning_tf2_cpp/launch/__pycache__
-- Installing: /Users/kamal/git_/Kamalkant-/7th task (ROS2 Intermediate)/install/learning_tf2_cpp/share/learning_tf2_cpp/launch/__pycache__/turtle_tf2_demo.launch.cpython-310.pyc
-- Installing: /Users/kamal/git_/Kamalkant-/7th task (ROS2 Intermediate)/install/learning_tf2_cpp/share/learning_tf2_cpp/launch/turtle_tf2_demo.launch.py
-- Installing: /Users/kamal/git_/Kamalkant-/7th task (ROS2 Intermediate)/install/learning_tf2_cpp/share/learning_tf2_cpp/launch/turtle_tf2_dynamic_frame_demo.launch.py
-- Installing: /Users/kamal/git_/Kamalkant-/7th task (ROS2 Intermediate)/install/learning_tf2_cpp/lib/learning_tf2_cpp/static_turtle_tf2_broadcaster
-- Installing: /Users/kamal/git_/Kamalkant-/7th task (ROS2 Intermediate)/install/learning_tf2_cpp/lib/learning_tf2_cpp/turtle_tf2_broadcaster
-- Installing: /Users/kamal/git_/Kamalkant-/7th task (ROS2 Intermediate)/install/learning_tf2_cpp/lib/learning_tf2_cpp/turtle_tf2_listener
-- Installing: /Users/kamal/git_/Kamalkant-/7th task (ROS2 Intermediate)/install/learning_tf2_cpp/lib/learning_tf2_cpp/fixed_frame_tf2_broadcaster
-- Installing: /Users/kamal/git_/Kamalkant-/7th task (ROS2 Intermediate)/install/learning_tf2_cpp/share/ament_index/resource_index/package_run_dependencies/learning_tf2_cpp
-- Installing: /Users/kamal/git_/Kamalkant-/7th task (ROS2 Intermediate)/install/learning_tf2_cpp/share/ament_index/resource_index/parent_prefix_path/learning_tf2_cpp
-- Installing: /Users/kamal/git_/Kamalkant-/7th task (ROS2 Intermediate)/install/learning_tf2_cpp/share/learning_tf2_cpp/environment/ament_prefix_path.sh
-- Installing: /Users/kamal/git_/Kamalkant-/7th task (ROS2 Intermediate)/install/learning_tf2_cpp/share/learning_tf2_cpp/environment/ament_prefix_path.dsv
-- Installing: /Users/kamal/git_/Kamalkant-/7th task (ROS2 Intermediate)/install/learning_tf2_cpp/share/learning_tf2_cpp/environment/path.sh
-- Installing: /Users/kamal/git_/Kamalkant-/7th task (ROS2 Intermediate)/install/learning_tf2_cpp/share/learning_tf2_cpp/environment/path.dsv
-- Installing: /Users/kamal/git_/Kamalkant-/7th task (ROS2 Intermediate)/install/learning_tf2_cpp/share/learning_tf2_cpp/local_setup.bash
-- Installing: /Users/kamal/git_/Kamalkant-/7th task (ROS2 Intermediate)/install/learning_tf2_cpp/share/learning_tf2_cpp/local_setup.sh
-- Installing: /Users/kamal/git_/Kamalkant-/7th task (ROS2 Intermediate)/install/learning_tf2_cpp/share/learning_tf2_cpp/local_setup.zsh
-- Installing: /Users/kamal/git_/Kamalkant-/7th task (ROS2 Intermediate)/install/learning_tf2_cpp/share/learning_tf2_cpp/local_setup.dsv
-- Installing: /Users/kamal/git_/Kamalkant-/7th task (ROS2 Intermediate)/install/learning_tf2_cpp/share/learning_tf2_cpp/package.dsv
-- Installing: /Users/kamal/git_/Kamalkant-/7th task (ROS2 Intermediate)/install/learning_tf2_cpp/share/ament_index/resource_index/packages/learning_tf2_cpp
-- Installing: /Users/kamal/git_/Kamalkant-/7th task (ROS2 Intermediate)/install/learning_tf2_cpp/share/learning_tf2_cpp/cmake/learning_tf2_cppConfig.cmake
-- Installing: /Users/kamal/git_/Kamalkant-/7th task (ROS2 Intermediate)/install/learning_tf2_cpp/share/learning_tf2_cpp/cmake/learning_tf2_cppConfig-version.cmake
-- Installing: /Users/kamal/git_/Kamalkant-/7th task (ROS2 Intermediate)/install/learning_tf2_cpp/share/learning_tf2_cpp/package.xml
