-- The C compiler identification is Clang 18.1.7
-- The CXX compiler identification is Clang 18.1.7
-- Detecting C compiler ABI info
-- Detecting C compiler ABI info - done
-- Check for working C compiler: /Users/kamal/miniconda3/envs/ros_hum/bin/arm64-apple-darwin20.0.0-clang - skipped
-- Detecting C compile features
-- Detecting C compile features - done
-- Detecting CXX compiler ABI info
-- Detecting CXX compiler ABI info - done
-- Check for working CXX compiler: /Users/kamal/miniconda3/envs/ros_hum/bin/arm64-apple-darwin20.0.0-clang++ - skipped
-- Detecting CXX compile features
-- Detecting CXX compile features - done
-- Found ament_cmake: 1.3.7 (/Users/kamal/miniconda3/envs/ros_hum/share/ament_cmake/cmake)
-- Found Python3: /opt/homebrew/Frameworks/Python.framework/Versions/3.13/bin/python3.13 (found version "3.13.2") found components: Interpreter 
-- Found geometry_msgs: 4.2.3 (/Users/kamal/miniconda3/envs/ros_hum/share/geometry_msgs/cmake)
-- Found rosidl_generator_c: 3.1.5 (/Users/kamal/miniconda3/envs/ros_hum/share/rosidl_generator_c/cmake)
-- Found rosidl_adapter: 3.1.5 (/Users/kamal/miniconda3/envs/ros_hum/share/rosidl_adapter/cmake)
-- Found rosidl_generator_cpp: 3.1.5 (/Users/kamal/miniconda3/envs/ros_hum/share/rosidl_generator_cpp/cmake)
-- Using all available rosidl_typesupport_c: rosidl_typesupport_fastrtps_c;rosidl_typesupport_introspection_c
-- Using all available rosidl_typesupport_cpp: rosidl_typesupport_fastrtps_cpp;rosidl_typesupport_introspection_cpp
-- Found rclcpp: 16.0.8 (/Users/kamal/miniconda3/envs/ros_hum/share/rclcpp/cmake)
-- Checking for module 'yaml-0.1'
--   Found yaml-0.1, version 0.2.5
-- Found rmw_implementation_cmake: 6.1.1 (/Users/kamal/miniconda3/envs/ros_hum/share/rmw_implementation_cmake/cmake)
-- Found rmw_cyclonedds_cpp: 1.3.4 (/Users/kamal/miniconda3/envs/ros_hum/share/rmw_cyclonedds_cpp/cmake)
-- Using RMW implementation 'rmw_cyclonedds_cpp' as default
-- Performing Test CMAKE_HAVE_LIBC_PTHREAD
-- Performing Test CMAKE_HAVE_LIBC_PTHREAD - Success
-- Found Threads: TRUE  
-- Found tf2: 0.25.5 (/Users/kamal/miniconda3/envs/ros_hum/share/tf2/cmake)
-- Found tf2_ros: 0.25.5 (/Users/kamal/miniconda3/envs/ros_hum/share/tf2_ros/cmake)
-- Found turtlesim: 1.4.2 (/Users/kamal/miniconda3/envs/ros_hum/share/turtlesim/cmake)
-- Found ament_lint_auto: 0.12.10 (/Users/kamal/miniconda3/envs/ros_hum/share/ament_lint_auto/cmake)
-- Added test 'cppcheck' to perform static code analysis on C / C++ code
-- Configured cppcheck include dirs: 
-- Configured cppcheck exclude dirs and/or files: 
-- Added test 'flake8' to check Python code syntax and style conventions
-- Added test 'lint_cmake' to check CMake code style
-- Added test 'pep257' to check Python code against some of the docstring style conventions in PEP 257
-- Added test 'uncrustify' to check C / C++ code style
-- Configured uncrustify additional arguments: 
-- Added test 'xmllint' to check XML markup files
-- Configuring done (3.9s)
-- Generating done (0.0s)
-- Build files have been written to: /Users/kamal/git_/Kamalkant-/7th task (ROS2 Intermediate)/build/learning_tf2_cpp
[ 37%] Building CXX object CMakeFiles/turtle_tf2_listener.dir/src/turtle_tf2_listener.cpp.o
[ 37%] Building CXX object CMakeFiles/turtle_tf2_broadcaster.dir/src/turtle_tf2_broadcaster.cpp.o
[ 37%] Building CXX object CMakeFiles/fixed_frame_tf2_broadcaster.dir/src/fixed_frame_tf2_broadcaster.cpp.o
[ 50%] Building CXX object CMakeFiles/static_turtle_tf2_broadcaster.dir/src/static_turtle_tf2_broadcaster.cpp.o
[ 62%] Linking CXX executable fixed_frame_tf2_broadcaster
[ 62%] Built target fixed_frame_tf2_broadcaster
[ 75%] Linking CXX executable static_turtle_tf2_broadcaster
[ 75%] Built target static_turtle_tf2_broadcaster
[ 87%] Linking CXX executable turtle_tf2_listener
[ 87%] Built target turtle_tf2_listener
[100%] Linking CXX executable turtle_tf2_broadcaster
[100%] Built target turtle_tf2_broadcaster
-- Install configuration: ""
-- Installing: /Users/kamal/git_/Kamalkant-/7th task (ROS2 Intermediate)/install/learning_tf2_cpp/share/learning_tf2_cpp/launch
-- Installing: /Users/kamal/git_/Kamalkant-/7th task (ROS2 Intermediate)/install/learning_tf2_cpp/share/learning_tf2_cpp/launch/turtle_tf2_fixed_frame_demo.launch.py
-- Installing: /Users/kamal/git_/Kamalkant-/7th task (ROS2 Intermediate)/install/learning_tf2_cpp/share/learning_tf2_cpp/launch/__pycache__
-- Installing: /Users/kamal/git_/Kamalkant-/7th task (ROS2 Intermediate)/install/learning_tf2_cpp/share/learning_tf2_cpp/launch/__pycache__/turtle_tf2_demo.launch.cpython-310.pyc
-- Installing: /Users/kamal/git_/Kamalkant-/7th task (ROS2 Intermediate)/install/learning_tf2_cpp/share/learning_tf2_cpp/launch/turtle_tf2_demo.launch.py
-- Installing: /Users/kamal/git_/Kamalkant-/7th task (ROS2 Intermediate)/install/learning_tf2_cpp/share/learning_tf2_cpp/launch/turtle_tf2_dynamic_frame_demo.launch.py
-- Installing: /Users/kamal/git_/Kamalkant-/7th task (ROS2 Intermediate)/install/learning_tf2_cpp/lib/learning_tf2_cpp/static_turtle_tf2_broadcaster
-- Installing: /Users/kamal/git_/Kamalkant-/7th task (ROS2 Intermediate)/install/learning_tf2_cpp/lib/learning_tf2_cpp/turtle_tf2_broadcaster
-- Installing: /Users/kamal/git_/Kamalkant-/7th task (ROS2 Intermediate)/install/learning_tf2_cpp/lib/learning_tf2_cpp/turtle_tf2_listener
-- Installing: /Users/kamal/git_/Kamalkant-/7th task (ROS2 Intermediate)/install/learning_tf2_cpp/lib/learning_tf2_cpp/fixed_frame_tf2_broadcaster
-- Installing: /Users/kamal/git_/Kamalkant-/7th task (ROS2 Intermediate)/install/learning_tf2_cpp/share/ament_index/resource_index/package_run_dependencies/learning_tf2_cpp
-- Installing: /Users/kamal/git_/Kamalkant-/7th task (ROS2 Intermediate)/install/learning_tf2_cpp/share/ament_index/resource_index/parent_prefix_path/learning_tf2_cpp
-- Installing: /Users/kamal/git_/Kamalkant-/7th task (ROS2 Intermediate)/install/learning_tf2_cpp/share/learning_tf2_cpp/environment/ament_prefix_path.sh
-- Installing: /Users/kamal/git_/Kamalkant-/7th task (ROS2 Intermediate)/install/learning_tf2_cpp/share/learning_tf2_cpp/environment/ament_prefix_path.dsv
-- Installing: /Users/kamal/git_/Kamalkant-/7th task (ROS2 Intermediate)/install/learning_tf2_cpp/share/learning_tf2_cpp/environment/path.sh
-- Installing: /Users/kamal/git_/Kamalkant-/7th task (ROS2 Intermediate)/install/learning_tf2_cpp/share/learning_tf2_cpp/environment/path.dsv
-- Installing: /Users/kamal/git_/Kamalkant-/7th task (ROS2 Intermediate)/install/learning_tf2_cpp/share/learning_tf2_cpp/local_setup.bash
-- Installing: /Users/kamal/git_/Kamalkant-/7th task (ROS2 Intermediate)/install/learning_tf2_cpp/share/learning_tf2_cpp/local_setup.sh
-- Installing: /Users/kamal/git_/Kamalkant-/7th task (ROS2 Intermediate)/install/learning_tf2_cpp/share/learning_tf2_cpp/local_setup.zsh
-- Installing: /Users/kamal/git_/Kamalkant-/7th task (ROS2 Intermediate)/install/learning_tf2_cpp/share/learning_tf2_cpp/local_setup.dsv
-- Installing: /Users/kamal/git_/Kamalkant-/7th task (ROS2 Intermediate)/install/learning_tf2_cpp/share/learning_tf2_cpp/package.dsv
-- Installing: /Users/kamal/git_/Kamalkant-/7th task (ROS2 Intermediate)/install/learning_tf2_cpp/share/ament_index/resource_index/packages/learning_tf2_cpp
-- Installing: /Users/kamal/git_/Kamalkant-/7th task (ROS2 Intermediate)/install/learning_tf2_cpp/share/learning_tf2_cpp/cmake/learning_tf2_cppConfig.cmake
-- Installing: /Users/kamal/git_/Kamalkant-/7th task (ROS2 Intermediate)/install/learning_tf2_cpp/share/learning_tf2_cpp/cmake/learning_tf2_cppConfig-version.cmake
-- Installing: /Users/kamal/git_/Kamalkant-/7th task (ROS2 Intermediate)/install/learning_tf2_cpp/share/learning_tf2_cpp/package.xml
