[0.406s] Invoking command in '/Users/kamal/git_/Kamalkant-/7th task (ROS2 Intermediate)/build/learning_tf2_cpp': SHLVL=2 _=/Users/kamal/miniconda3/envs/ros_hum/bin/env /Users/kamal/miniconda3/envs/ros_hum/bin/cmake /Users/kamal/git_/Kamalkant-/7th task (ROS2 Intermediate)/src/learning_tf2_cpp -DCMAKE_INSTALL_PREFIX=/Users/kamal/git_/Kamalkant-/7th task (ROS2 Intermediate)/install/learning_tf2_cpp
[1.051s] -- The C compiler identification is Clang 18.1.7
[1.197s] -- The CXX compiler identification is Clang 18.1.7
[1.249s] -- Detecting C compiler ABI info
[1.577s] -- Detecting C compiler ABI info - done
[1.578s] -- Check for working C compiler: /Users/kamal/miniconda3/envs/ros_hum/bin/arm64-apple-darwin20.0.0-clang - skipped
[1.579s] -- Detecting C compile features
[1.579s] -- Detecting C compile features - done
[1.629s] -- Detecting CXX compiler ABI info
[1.841s] -- Detecting CXX compiler ABI info - done
[1.841s] -- Check for working CXX compiler: /Users/kamal/miniconda3/envs/ros_hum/bin/arm64-apple-darwin20.0.0-clang++ - skipped
[1.841s] -- Detecting CXX compile features
[1.841s] -- Detecting CXX compile features - done
[1.841s] -- Found ament_cmake: 1.3.7 (/Users/kamal/miniconda3/envs/ros_hum/share/ament_cmake/cmake)
[2.068s] -- Found Python3: /opt/homebrew/Frameworks/Python.framework/Versions/3.13/bin/python3.13 (found version "3.13.2") found components: Interpreter 
[2.298s] -- Found geometry_msgs: 4.2.3 (/Users/kamal/miniconda3/envs/ros_hum/share/geometry_msgs/cmake)
[2.447s] -- Found rosidl_generator_c: 3.1.5 (/Users/kamal/miniconda3/envs/ros_hum/share/rosidl_generator_c/cmake)
[2.472s] -- Found rosidl_adapter: 3.1.5 (/Users/kamal/miniconda3/envs/ros_hum/share/rosidl_adapter/cmake)
[2.503s] -- Found rosidl_generator_cpp: 3.1.5 (/Users/kamal/miniconda3/envs/ros_hum/share/rosidl_generator_cpp/cmake)
[2.540s] -- Using all available rosidl_typesupport_c: rosidl_typesupport_fastrtps_c;rosidl_typesupport_introspection_c
[2.593s] -- Using all available rosidl_typesupport_cpp: rosidl_typesupport_fastrtps_cpp;rosidl_typesupport_introspection_cpp
[2.721s] -- Found rclcpp: 16.0.8 (/Users/kamal/miniconda3/envs/ros_hum/share/rclcpp/cmake)
[2.943s] -- Checking for module 'yaml-0.1'
[3.058s] --   Found yaml-0.1, version 0.2.5
[3.389s] -- Found rmw_implementation_cmake: 6.1.1 (/Users/kamal/miniconda3/envs/ros_hum/share/rmw_implementation_cmake/cmake)
[3.404s] -- Found rmw_cyclonedds_cpp: 1.3.4 (/Users/kamal/miniconda3/envs/ros_hum/share/rmw_cyclonedds_cpp/cmake)
[3.485s] -- Using RMW implementation 'rmw_cyclonedds_cpp' as default
[3.520s] -- Performing Test CMAKE_HAVE_LIBC_PTHREAD
[3.708s] -- Performing Test CMAKE_HAVE_LIBC_PTHREAD - Success
[3.709s] -- Found Threads: TRUE  
[3.834s] -- Found tf2: 0.25.5 (/Users/kamal/miniconda3/envs/ros_hum/share/tf2/cmake)
[3.860s] -- Found tf2_ros: 0.25.5 (/Users/kamal/miniconda3/envs/ros_hum/share/tf2_ros/cmake)
[4.178s] -- Found turtlesim: 1.4.2 (/Users/kamal/miniconda3/envs/ros_hum/share/turtlesim/cmake)
[4.225s] -- Found ament_lint_auto: 0.12.10 (/Users/kamal/miniconda3/envs/ros_hum/share/ament_lint_auto/cmake)
[4.346s] -- Added test 'cppcheck' to perform static code analysis on C / C++ code
[4.346s] -- Configured cppcheck include dirs: 
[4.346s] -- Configured cppcheck exclude dirs and/or files: 
[4.347s] -- Added test 'flake8' to check Python code syntax and style conventions
[4.348s] -- Added test 'lint_cmake' to check CMake code style
[4.349s] -- Added test 'pep257' to check Python code against some of the docstring style conventions in PEP 257
[4.351s] -- Added test 'uncrustify' to check C / C++ code style
[4.351s] -- Configured uncrustify additional arguments: 
[4.352s] -- Added test 'xmllint' to check XML markup files
[4.354s] -- Configuring done (3.9s)
[4.426s] -- Generating done (0.0s)
[4.431s] -- Build files have been written to: /Users/kamal/git_/Kamalkant-/7th task (ROS2 Intermediate)/build/learning_tf2_cpp
[4.435s] Invoked command in '/Users/kamal/git_/Kamalkant-/7th task (ROS2 Intermediate)/build/learning_tf2_cpp' returned '0': SHLVL=2 _=/Users/kamal/miniconda3/envs/ros_hum/bin/env /Users/kamal/miniconda3/envs/ros_hum/bin/cmake /Users/kamal/git_/Kamalkant-/7th task (ROS2 Intermediate)/src/learning_tf2_cpp -DCMAKE_INSTALL_PREFIX=/Users/kamal/git_/Kamalkant-/7th task (ROS2 Intermediate)/install/learning_tf2_cpp
[4.436s] Invoking command in '/Users/kamal/git_/Kamalkant-/7th task (ROS2 Intermediate)/build/learning_tf2_cpp': SHLVL=2 _=/Users/kamal/miniconda3/envs/ros_hum/bin/env /Users/kamal/miniconda3/envs/ros_hum/bin/cmake --build /Users/kamal/git_/Kamalkant-/7th task (ROS2 Intermediate)/build/learning_tf2_cpp -- -j8 -l8
[4.522s] [ 37%] Building CXX object CMakeFiles/turtle_tf2_listener.dir/src/turtle_tf2_listener.cpp.o
[4.522s] [ 37%] Building CXX object CMakeFiles/turtle_tf2_broadcaster.dir/src/turtle_tf2_broadcaster.cpp.o
[4.522s] [ 37%] Building CXX object CMakeFiles/fixed_frame_tf2_broadcaster.dir/src/fixed_frame_tf2_broadcaster.cpp.o
[4.524s] [ 50%] Building CXX object CMakeFiles/static_turtle_tf2_broadcaster.dir/src/static_turtle_tf2_broadcaster.cpp.o
[9.304s] In file included from /Users/kamal/git_/Kamalkant-/7th task (ROS2 Intermediate)/src/learning_tf2_cpp/src/turtle_tf2_broadcaster.cpp:7:
[9.305s] In file included from /Users/kamal/miniconda3/envs/ros_hum/include/rclcpp/rclcpp/rclcpp.hpp:155:
[9.306s] In file included from /Users/kamal/miniconda3/envs/ros_hum/include/rclcpp/rclcpp/executors.hpp:21:
[9.306s] In file included from /Users/kamal/miniconda3/envs/ros_hum/include/rclcpp/rclcpp/executors/multi_threaded_executor.hpp:25:
[9.306s] In file included from /Users/kamal/miniconda3/envs/ros_hum/include/rclcpp/rclcpp/executor.hpp:37:
[9.306s] In file included from /Users/kamal/miniconda3/envs/ros_hum/include/rclcpp/rclcpp/executor_options.hpp:20:
[9.306s] In file included from /Users/kamal/miniconda3/envs/ros_hum/include/rclcpp/rclcpp/memory_strategies.hpp:18:
[9.306s] In file included from /Users/kamal/miniconda3/envs/ros_hum/include/rclcpp/rclcpp/memory_strategy.hpp:25:
[9.306s] In file included from /Users/kamal/miniconda3/envs/ros_hum/include/rclcpp/rclcpp/any_executable.hpp:20:
[9.306s] In file included from /Users/kamal/miniconda3/envs/ros_hum/include/rclcpp/rclcpp/callback_group.hpp:29:
[9.306s] In file included from /Users/kamal/miniconda3/envs/ros_hum/include/rclcpp/rclcpp/subscription_base.hpp:32:
[9.306s] /Users/kamal/miniconda3/envs/ros_hum/include/rclcpp/rclcpp/any_subscription_callback.hpp:391:7: warning: 'set_deprecated<turtlesim::msg::Pose_<std::allocator<void>>>' is deprecated: use 'void(std::shared_ptr<const MessageT>)' instead [-Wdeprecated-declarations]
[9.307s]   391 |       set_deprecated(static_cast<typename scbth::callback_type>(callback));
[9.307s]       |       ^
[9.307s] /Users/kamal/miniconda3/envs/ros_hum/include/rclcpp/rclcpp/subscription_factory.hpp:94:29: note: in instantiation of function template specialization 'rclcpp::AnySubscriptionCallback<turtlesim::msg::Pose_<std::allocator<void>>>::set<std::__bind<void (FramePublisher::*)(std::shared_ptr<turtlesim::msg::Pose_<std::allocator<void>>>), FramePublisher *, const std::placeholders::__ph<1> &>>' requested here
[9.307s]    94 |   any_subscription_callback.set(std::forward<CallbackT>(callback));
[9.307s]       |                             ^
[9.307s] /Users/kamal/miniconda3/envs/ros_hum/include/rclcpp/rclcpp/create_subscription.hpp:122:26: note: in instantiation of function template specialization 'rclcpp::create_subscription_factory<turtlesim::msg::Pose_<std::allocator<void>>, std::__bind<void (FramePublisher::*)(std::shared_ptr<turtlesim::msg::Pose_<std::allocator<void>>>), FramePublisher *, const std::placeholders::__ph<1> &>, std::allocator<void>, rclcpp::Subscription<turtlesim::msg::Pose_<std::allocator<void>>>, rclcpp::message_memory_strategy::MessageMemoryStrategy<turtlesim::msg::Pose_<std::allocator<void>>>, turtlesim::msg::Pose_<std::allocator<void>>>' requested here
[9.307s]   122 |   auto factory = rclcpp::create_subscription_factory<MessageT>(
[9.307s]       |                          ^
[9.307s] /Users/kamal/miniconda3/envs/ros_hum/include/rclcpp/rclcpp/create_subscription.hpp:190:26: note: in instantiation of function template specialization 'rclcpp::detail::create_subscription<turtlesim::msg::Pose_<std::allocator<void>>, std::__bind<void (FramePublisher::*)(std::shared_ptr<turtlesim::msg::Pose_<std::allocator<void>>>), FramePublisher *, const std::placeholders::__ph<1> &>, std::allocator<void>, rclcpp::Subscription<turtlesim::msg::Pose_<std::allocator<void>>>, rclcpp::message_memory_strategy::MessageMemoryStrategy<turtlesim::msg::Pose_<std::allocator<void>>>, rclcpp::Node, rclcpp::Node, turtlesim::msg::Pose_<std::allocator<void>>>' requested here
[9.307s]   190 |   return rclcpp::detail::create_subscription<
[9.307s]       |                          ^
[9.307s] /Users/kamal/miniconda3/envs/ros_hum/include/rclcpp/rclcpp/node_impl.hpp:99:18: note: in instantiation of function template specialization 'rclcpp::create_subscription<turtlesim::msg::Pose_<std::allocator<void>>, std::__bind<void (FramePublisher::*)(std::shared_ptr<turtlesim::msg::Pose_<std::allocator<void>>>), FramePublisher *, const std::placeholders::__ph<1> &>, std::allocator<void>, rclcpp::Subscription<turtlesim::msg::Pose_<std::allocator<void>>>, rclcpp::message_memory_strategy::MessageMemoryStrategy<turtlesim::msg::Pose_<std::allocator<void>>>, rclcpp::Node>' requested here
[9.307s]    99 |   return rclcpp::create_subscription<MessageT>(
[9.307s]       |                  ^
[9.308s] /Users/kamal/git_/Kamalkant-/7th task (ROS2 Intermediate)/src/learning_tf2_cpp/src/turtle_tf2_broadcaster.cpp:31:27: note: in instantiation of function template specialization 'rclcpp::Node::create_subscription<turtlesim::msg::Pose_<std::allocator<void>>, std::__bind<void (FramePublisher::*)(std::shared_ptr<turtlesim::msg::Pose_<std::allocator<void>>>), FramePublisher *, const std::placeholders::__ph<1> &>, std::allocator<void>, rclcpp::Subscription<turtlesim::msg::Pose_<std::allocator<void>>>, rclcpp::message_memory_strategy::MessageMemoryStrategy<turtlesim::msg::Pose_<std::allocator<void>>>>' requested here
[9.308s]    31 |     subscription_ = this->create_subscription<turtlesim::msg::Pose>(
[9.308s]       |                           ^
[9.308s] /Users/kamal/miniconda3/envs/ros_hum/include/rclcpp/rclcpp/any_subscription_callback.hpp:405:5: note: 'set_deprecated<turtlesim::msg::Pose_<std::allocator<void>>>' has been explicitly marked deprecated here
[9.308s]   405 |   [[deprecated("use 'void(std::shared_ptr<const MessageT>)' instead")]]
[9.308s]       |     ^
[11.040s] [ 62%] Linking CXX executable fixed_frame_tf2_broadcaster
[11.152s] [ 62%] Built target fixed_frame_tf2_broadcaster
[11.391s] [ 75%] Linking CXX executable static_turtle_tf2_broadcaster
[11.506s] [ 75%] Built target static_turtle_tf2_broadcaster
[12.316s] [ 87%] Linking CXX executable turtle_tf2_listener
[12.406s] [ 87%] Built target turtle_tf2_listener
[13.337s] 1 warning generated.
[13.357s] [100%] Linking CXX executable turtle_tf2_broadcaster
[13.431s] [100%] Built target turtle_tf2_broadcaster
[13.447s] Invoked command in '/Users/kamal/git_/Kamalkant-/7th task (ROS2 Intermediate)/build/learning_tf2_cpp' returned '0': SHLVL=2 _=/Users/kamal/miniconda3/envs/ros_hum/bin/env /Users/kamal/miniconda3/envs/ros_hum/bin/cmake --build /Users/kamal/git_/Kamalkant-/7th task (ROS2 Intermediate)/build/learning_tf2_cpp -- -j8 -l8
[13.536s] Invoking command in '/Users/kamal/git_/Kamalkant-/7th task (ROS2 Intermediate)/build/learning_tf2_cpp': SHLVL=2 _=/Users/kamal/miniconda3/envs/ros_hum/bin/env /Users/kamal/miniconda3/envs/ros_hum/bin/cmake --install /Users/kamal/git_/Kamalkant-/7th task (ROS2 Intermediate)/build/learning_tf2_cpp
[13.548s] -- Install configuration: ""
[13.548s] -- Installing: /Users/kamal/git_/Kamalkant-/7th task (ROS2 Intermediate)/install/learning_tf2_cpp/share/learning_tf2_cpp/launch
[13.548s] -- Installing: /Users/kamal/git_/Kamalkant-/7th task (ROS2 Intermediate)/install/learning_tf2_cpp/share/learning_tf2_cpp/launch/turtle_tf2_fixed_frame_demo.launch.py
[13.549s] -- Installing: /Users/kamal/git_/Kamalkant-/7th task (ROS2 Intermediate)/install/learning_tf2_cpp/share/learning_tf2_cpp/launch/__pycache__
[13.549s] -- Installing: /Users/kamal/git_/Kamalkant-/7th task (ROS2 Intermediate)/install/learning_tf2_cpp/share/learning_tf2_cpp/launch/__pycache__/turtle_tf2_demo.launch.cpython-310.pyc
[13.549s] -- Installing: /Users/kamal/git_/Kamalkant-/7th task (ROS2 Intermediate)/install/learning_tf2_cpp/share/learning_tf2_cpp/launch/turtle_tf2_demo.launch.py
[13.549s] -- Installing: /Users/kamal/git_/Kamalkant-/7th task (ROS2 Intermediate)/install/learning_tf2_cpp/share/learning_tf2_cpp/launch/turtle_tf2_dynamic_frame_demo.launch.py
[13.549s] -- Installing: /Users/kamal/git_/Kamalkant-/7th task (ROS2 Intermediate)/install/learning_tf2_cpp/lib/learning_tf2_cpp/static_turtle_tf2_broadcaster
[13.549s] -- Installing: /Users/kamal/git_/Kamalkant-/7th task (ROS2 Intermediate)/install/learning_tf2_cpp/lib/learning_tf2_cpp/turtle_tf2_broadcaster
[13.550s] -- Installing: /Users/kamal/git_/Kamalkant-/7th task (ROS2 Intermediate)/install/learning_tf2_cpp/lib/learning_tf2_cpp/turtle_tf2_listener
[13.550s] -- Installing: /Users/kamal/git_/Kamalkant-/7th task (ROS2 Intermediate)/install/learning_tf2_cpp/lib/learning_tf2_cpp/fixed_frame_tf2_broadcaster
[13.550s] -- Installing: /Users/kamal/git_/Kamalkant-/7th task (ROS2 Intermediate)/install/learning_tf2_cpp/share/ament_index/resource_index/package_run_dependencies/learning_tf2_cpp
[13.551s] -- Installing: /Users/kamal/git_/Kamalkant-/7th task (ROS2 Intermediate)/install/learning_tf2_cpp/share/ament_index/resource_index/parent_prefix_path/learning_tf2_cpp
[13.551s] -- Installing: /Users/kamal/git_/Kamalkant-/7th task (ROS2 Intermediate)/install/learning_tf2_cpp/share/learning_tf2_cpp/environment/ament_prefix_path.sh
[13.551s] -- Installing: /Users/kamal/git_/Kamalkant-/7th task (ROS2 Intermediate)/install/learning_tf2_cpp/share/learning_tf2_cpp/environment/ament_prefix_path.dsv
[13.551s] -- Installing: /Users/kamal/git_/Kamalkant-/7th task (ROS2 Intermediate)/install/learning_tf2_cpp/share/learning_tf2_cpp/environment/path.sh
[13.552s] -- Installing: /Users/kamal/git_/Kamalkant-/7th task (ROS2 Intermediate)/install/learning_tf2_cpp/share/learning_tf2_cpp/environment/path.dsv
[13.552s] -- Installing: /Users/kamal/git_/Kamalkant-/7th task (ROS2 Intermediate)/install/learning_tf2_cpp/share/learning_tf2_cpp/local_setup.bash
[13.552s] -- Installing: /Users/kamal/git_/Kamalkant-/7th task (ROS2 Intermediate)/install/learning_tf2_cpp/share/learning_tf2_cpp/local_setup.sh
[13.552s] -- Installing: /Users/kamal/git_/Kamalkant-/7th task (ROS2 Intermediate)/install/learning_tf2_cpp/share/learning_tf2_cpp/local_setup.zsh
[13.553s] -- Installing: /Users/kamal/git_/Kamalkant-/7th task (ROS2 Intermediate)/install/learning_tf2_cpp/share/learning_tf2_cpp/local_setup.dsv
[13.553s] -- Installing: /Users/kamal/git_/Kamalkant-/7th task (ROS2 Intermediate)/install/learning_tf2_cpp/share/learning_tf2_cpp/package.dsv
[13.553s] -- Installing: /Users/kamal/git_/Kamalkant-/7th task (ROS2 Intermediate)/install/learning_tf2_cpp/share/ament_index/resource_index/packages/learning_tf2_cpp
[13.553s] -- Installing: /Users/kamal/git_/Kamalkant-/7th task (ROS2 Intermediate)/install/learning_tf2_cpp/share/learning_tf2_cpp/cmake/learning_tf2_cppConfig.cmake
[13.554s] -- Installing: /Users/kamal/git_/Kamalkant-/7th task (ROS2 Intermediate)/install/learning_tf2_cpp/share/learning_tf2_cpp/cmake/learning_tf2_cppConfig-version.cmake
[13.554s] -- Installing: /Users/kamal/git_/Kamalkant-/7th task (ROS2 Intermediate)/install/learning_tf2_cpp/share/learning_tf2_cpp/package.xml
[13.555s] Invoked command in '/Users/kamal/git_/Kamalkant-/7th task (ROS2 Intermediate)/build/learning_tf2_cpp' returned '0': SHLVL=2 _=/Users/kamal/miniconda3/envs/ros_hum/bin/env /Users/kamal/miniconda3/envs/ros_hum/bin/cmake --install /Users/kamal/git_/Kamalkant-/7th task (ROS2 Intermediate)/build/learning_tf2_cpp
