[0.013s] Invoking command in '/Users/kamal/git_/Kamalkant-/7th task (ROS2 Intermediate)/build/urdf_launch': AMENT_PREFIX_PATH=/Users/kamal/git_/Kamalkant-/7th task (ROS2 Intermediate)/install/joint_state_publisher_gui:/Users/kamal/git_/Kamalkant-/7th task (ROS2 Intermediate)/install/joint_state_publisher:${AMENT_PREFIX_PATH} PYTHONPATH=/Users/kamal/git_/Kamalkant-/7th task (ROS2 Intermediate)/install/joint_state_publisher_gui/lib/python3.11/site-packages:/Users/kamal/git_/Kamalkant-/7th task (ROS2 Intermediate)/install/joint_state_publisher/lib/python3.11/site-packages:${PYTHONPATH} SHLVL=2 _=/Users/kamal/miniconda3/envs/ros_hum/bin/env /Users/kamal/miniconda3/envs/ros_hum/bin/cmake --build /Users/kamal/git_/Kamalkant-/7th task (ROS2 Intermediate)/build/urdf_launch -- -j8 -l8
[0.062s] Invoked command in '/Users/kamal/git_/Kamalkant-/7th task (ROS2 Intermediate)/build/urdf_launch' returned '0': AMENT_PREFIX_PATH=/Users/kamal/git_/Kamalkant-/7th task (ROS2 Intermediate)/install/joint_state_publisher_gui:/Users/kamal/git_/Kamalkant-/7th task (ROS2 Intermediate)/install/joint_state_publisher:${AMENT_PREFIX_PATH} PYTHONPATH=/Users/kamal/git_/Kamalkant-/7th task (ROS2 Intermediate)/install/joint_state_publisher_gui/lib/python3.11/site-packages:/Users/kamal/git_/Kamalkant-/7th task (ROS2 Intermediate)/install/joint_state_publisher/lib/python3.11/site-packages:${PYTHONPATH} SHLVL=2 _=/Users/kamal/miniconda3/envs/ros_hum/bin/env /Users/kamal/miniconda3/envs/ros_hum/bin/cmake --build /Users/kamal/git_/Kamalkant-/7th task (ROS2 Intermediate)/build/urdf_launch -- -j8 -l8
[0.108s] Invoking command in '/Users/kamal/git_/Kamalkant-/7th task (ROS2 Intermediate)/build/urdf_launch': AMENT_PREFIX_PATH=/Users/kamal/git_/Kamalkant-/7th task (ROS2 Intermediate)/install/joint_state_publisher_gui:/Users/kamal/git_/Kamalkant-/7th task (ROS2 Intermediate)/install/joint_state_publisher:${AMENT_PREFIX_PATH} PYTHONPATH=/Users/kamal/git_/Kamalkant-/7th task (ROS2 Intermediate)/install/joint_state_publisher_gui/lib/python3.11/site-packages:/Users/kamal/git_/Kamalkant-/7th task (ROS2 Intermediate)/install/joint_state_publisher/lib/python3.11/site-packages:${PYTHONPATH} SHLVL=2 _=/Users/kamal/miniconda3/envs/ros_hum/bin/env /Users/kamal/miniconda3/envs/ros_hum/bin/cmake --install /Users/kamal/git_/Kamalkant-/7th task (ROS2 Intermediate)/build/urdf_launch
[0.117s] -- Install configuration: ""
[0.117s] -- Up-to-date: /Users/kamal/git_/Kamalkant-/7th task (ROS2 Intermediate)/install/urdf_launch/share/urdf_launch/config
[0.117s] -- Up-to-date: /Users/kamal/git_/Kamalkant-/7th task (ROS2 Intermediate)/install/urdf_launch/share/urdf_launch/config/urdf.rviz
[0.118s] -- Up-to-date: /Users/kamal/git_/Kamalkant-/7th task (ROS2 Intermediate)/install/urdf_launch/share/urdf_launch/launch
[0.118s] -- Up-to-date: /Users/kamal/git_/Kamalkant-/7th task (ROS2 Intermediate)/install/urdf_launch/share/urdf_launch/launch/description.launch.py
[0.118s] -- Up-to-date: /Users/kamal/git_/Kamalkant-/7th task (ROS2 Intermediate)/install/urdf_launch/share/urdf_launch/launch/display.launch.py
[0.118s] -- Up-to-date: /Users/kamal/git_/Kamalkant-/7th task (ROS2 Intermediate)/install/urdf_launch/share/ament_index/resource_index/package_run_dependencies/urdf_launch
[0.118s] -- Up-to-date: /Users/kamal/git_/Kamalkant-/7th task (ROS2 Intermediate)/install/urdf_launch/share/ament_index/resource_index/parent_prefix_path/urdf_launch
[0.118s] -- Up-to-date: /Users/kamal/git_/Kamalkant-/7th task (ROS2 Intermediate)/install/urdf_launch/share/urdf_launch/environment/ament_prefix_path.sh
[0.118s] -- Up-to-date: /Users/kamal/git_/Kamalkant-/7th task (ROS2 Intermediate)/install/urdf_launch/share/urdf_launch/environment/ament_prefix_path.dsv
[0.118s] -- Up-to-date: /Users/kamal/git_/Kamalkant-/7th task (ROS2 Intermediate)/install/urdf_launch/share/urdf_launch/environment/path.sh
[0.118s] -- Up-to-date: /Users/kamal/git_/Kamalkant-/7th task (ROS2 Intermediate)/install/urdf_launch/share/urdf_launch/environment/path.dsv
[0.118s] -- Up-to-date: /Users/kamal/git_/Kamalkant-/7th task (ROS2 Intermediate)/install/urdf_launch/share/urdf_launch/local_setup.bash
[0.118s] -- Up-to-date: /Users/kamal/git_/Kamalkant-/7th task (ROS2 Intermediate)/install/urdf_launch/share/urdf_launch/local_setup.sh
[0.118s] -- Up-to-date: /Users/kamal/git_/Kamalkant-/7th task (ROS2 Intermediate)/install/urdf_launch/share/urdf_launch/local_setup.zsh
[0.118s] -- Up-to-date: /Users/kamal/git_/Kamalkant-/7th task (ROS2 Intermediate)/install/urdf_launch/share/urdf_launch/local_setup.dsv
[0.118s] -- Up-to-date: /Users/kamal/git_/Kamalkant-/7th task (ROS2 Intermediate)/install/urdf_launch/share/urdf_launch/package.dsv
[0.119s] -- Up-to-date: /Users/kamal/git_/Kamalkant-/7th task (ROS2 Intermediate)/install/urdf_launch/share/ament_index/resource_index/packages/urdf_launch
[0.119s] -- Up-to-date: /Users/kamal/git_/Kamalkant-/7th task (ROS2 Intermediate)/install/urdf_launch/share/urdf_launch/cmake/urdf_launchConfig.cmake
[0.119s] -- Up-to-date: /Users/kamal/git_/Kamalkant-/7th task (ROS2 Intermediate)/install/urdf_launch/share/urdf_launch/cmake/urdf_launchConfig-version.cmake
[0.119s] -- Up-to-date: /Users/kamal/git_/Kamalkant-/7th task (ROS2 Intermediate)/install/urdf_launch/share/urdf_launch/package.xml
[0.120s] Invoked command in '/Users/kamal/git_/Kamalkant-/7th task (ROS2 Intermediate)/build/urdf_launch' returned '0': AMENT_PREFIX_PATH=/Users/kamal/git_/Kamalkant-/7th task (ROS2 Intermediate)/install/joint_state_publisher_gui:/Users/kamal/git_/Kamalkant-/7th task (ROS2 Intermediate)/install/joint_state_publisher:${AMENT_PREFIX_PATH} PYTHONPATH=/Users/kamal/git_/Kamalkant-/7th task (ROS2 Intermediate)/install/joint_state_publisher_gui/lib/python3.11/site-packages:/Users/kamal/git_/Kamalkant-/7th task (ROS2 Intermediate)/install/joint_state_publisher/lib/python3.11/site-packages:${PYTHONPATH} SHLVL=2 _=/Users/kamal/miniconda3/envs/ros_hum/bin/env /Users/kamal/miniconda3/envs/ros_hum/bin/cmake --install /Users/kamal/git_/Kamalkant-/7th task (ROS2 Intermediate)/build/urdf_launch
