-- The C compiler identification is Clang 18.1.7
-- The CXX compiler identification is Clang 18.1.7
-- Detecting C compiler ABI info
-- Detecting C compiler ABI info - done
-- Check for working C compiler: /Users/kamal/miniconda3/envs/ros_hum/bin/arm64-apple-darwin20.0.0-clang - skipped
-- Detecting C compile features
-- Detecting C compile features - done
-- Detecting CXX compiler ABI info
-- Detecting CXX compiler ABI info - done
-- Check for working CXX compiler: /Users/kamal/miniconda3/envs/ros_hum/bin/arm64-apple-darwin20.0.0-clang++ - skipped
-- Detecting CXX compile features
-- Detecting CXX compile features - done
-- Found ament_cmake: 1.3.7 (/Users/kamal/miniconda3/envs/ros_hum/share/ament_cmake/cmake)
-- Found Python3: /opt/homebrew/Frameworks/Python.framework/Versions/3.13/bin/python3.13 (found version "3.13.2") found components: Interpreter 
-- Configuring done (1.0s)
-- Generating done (0.0s)
-- Build files have been written to: /Users/kamal/git_/Kamalkant-/7th task (ROS2 Intermediate)/build/urdf_launch
-- Install configuration: ""
-- Installing: /Users/kamal/git_/Kamalkant-/7th task (ROS2 Intermediate)/install/urdf_launch/share/urdf_launch/config
-- Installing: /Users/kamal/git_/Kamalkant-/7th task (ROS2 Intermediate)/install/urdf_launch/share/urdf_launch/config/urdf.rviz
-- Installing: /Users/kamal/git_/Kamalkant-/7th task (ROS2 Intermediate)/install/urdf_launch/share/urdf_launch/launch
-- Installing: /Users/kamal/git_/Kamalkant-/7th task (ROS2 Intermediate)/install/urdf_launch/share/urdf_launch/launch/description.launch.py
-- Installing: /Users/kamal/git_/Kamalkant-/7th task (ROS2 Intermediate)/install/urdf_launch/share/urdf_launch/launch/display.launch.py
-- Installing: /Users/kamal/git_/Kamalkant-/7th task (ROS2 Intermediate)/install/urdf_launch/share/ament_index/resource_index/package_run_dependencies/urdf_launch
-- Installing: /Users/kamal/git_/Kamalkant-/7th task (ROS2 Intermediate)/install/urdf_launch/share/ament_index/resource_index/parent_prefix_path/urdf_launch
-- Installing: /Users/kamal/git_/Kamalkant-/7th task (ROS2 Intermediate)/install/urdf_launch/share/urdf_launch/environment/ament_prefix_path.sh
-- Installing: /Users/kamal/git_/Kamalkant-/7th task (ROS2 Intermediate)/install/urdf_launch/share/urdf_launch/environment/ament_prefix_path.dsv
-- Installing: /Users/kamal/git_/Kamalkant-/7th task (ROS2 Intermediate)/install/urdf_launch/share/urdf_launch/environment/path.sh
-- Installing: /Users/kamal/git_/Kamalkant-/7th task (ROS2 Intermediate)/install/urdf_launch/share/urdf_launch/environment/path.dsv
-- Installing: /Users/kamal/git_/Kamalkant-/7th task (ROS2 Intermediate)/install/urdf_launch/share/urdf_launch/local_setup.bash
-- Installing: /Users/kamal/git_/Kamalkant-/7th task (ROS2 Intermediate)/install/urdf_launch/share/urdf_launch/local_setup.sh
-- Installing: /Users/kamal/git_/Kamalkant-/7th task (ROS2 Intermediate)/install/urdf_launch/share/urdf_launch/local_setup.zsh
-- Installing: /Users/kamal/git_/Kamalkant-/7th task (ROS2 Intermediate)/install/urdf_launch/share/urdf_launch/local_setup.dsv
-- Installing: /Users/kamal/git_/Kamalkant-/7th task (ROS2 Intermediate)/install/urdf_launch/share/urdf_launch/package.dsv
-- Installing: /Users/kamal/git_/Kamalkant-/7th task (ROS2 Intermediate)/install/urdf_launch/share/ament_index/resource_index/packages/urdf_launch
-- Installing: /Users/kamal/git_/Kamalkant-/7th task (ROS2 Intermediate)/install/urdf_launch/share/urdf_launch/cmake/urdf_launchConfig.cmake
-- Installing: /Users/kamal/git_/Kamalkant-/7th task (ROS2 Intermediate)/install/urdf_launch/share/urdf_launch/cmake/urdf_launchConfig-version.cmake
-- Installing: /Users/kamal/git_/Kamalkant-/7th task (ROS2 Intermediate)/install/urdf_launch/share/urdf_launch/package.xml
