[0.012s] Invoking command in '/Users/kamal/git_/Kamalkant-/7th task (ROS2 Intermediate)/build/urdf_launch': AMENT_PREFIX_PATH=/Users/kamal/git_/Kamalkant-/7th task (ROS2 Intermediate)/install/joint_state_publisher_gui:/Users/kamal/git_/Kamalkant-/7th task (ROS2 Intermediate)/install/joint_state_publisher:${AMENT_PREFIX_PATH} PYTHONPATH=/Users/kamal/git_/Kamalkant-/7th task (ROS2 Intermediate)/install/joint_state_publisher_gui/lib/python3.11/site-packages:/Users/kamal/git_/Kamalkant-/7th task (ROS2 Intermediate)/install/joint_state_publisher/lib/python3.11/site-packages:${PYTHONPATH} SHLVL=2 _=/Users/kamal/miniconda3/envs/ros_hum/bin/env /Users/kamal/miniconda3/envs/ros_hum/bin/cmake /Users/kamal/git_/Kamalkant-/7th task (ROS2 Intermediate)/src/urdf_launch -DCMAKE_INSTALL_PREFIX=/Users/kamal/git_/Kamalkant-/7th task (ROS2 Intermediate)/install/urdf_launch
[0.107s] -- The C compiler identification is Clang 18.1.7
[0.184s] -- The CXX compiler identification is Clang 18.1.7
[0.217s] -- Detecting C compiler ABI info
[0.373s] -- Detecting C compiler ABI info - done
[0.376s] -- Check for working C compiler: /Users/kamal/miniconda3/envs/ros_hum/bin/arm64-apple-darwin20.0.0-clang - skipped
[0.377s] -- Detecting C compile features
[0.377s] -- Detecting C compile features - done
[0.404s] -- Detecting CXX compiler ABI info
[0.570s] -- Detecting CXX compiler ABI info - done
[0.574s] -- Check for working CXX compiler: /Users/kamal/miniconda3/envs/ros_hum/bin/arm64-apple-darwin20.0.0-clang++ - skipped
[0.575s] -- Detecting CXX compile features
[0.575s] -- Detecting CXX compile features - done
[0.584s] -- Found ament_cmake: 1.3.7 (/Users/kamal/miniconda3/envs/ros_hum/share/ament_cmake/cmake)
[0.770s] -- Found Python3: /opt/homebrew/Frameworks/Python.framework/Versions/3.13/bin/python3.13 (found version "3.13.2") found components: Interpreter 
[0.991s] -- Configuring done (1.0s)
[1.002s] -- Generating done (0.0s)
[1.005s] -- Build files have been written to: /Users/kamal/git_/Kamalkant-/7th task (ROS2 Intermediate)/build/urdf_launch
[1.006s] Invoked command in '/Users/kamal/git_/Kamalkant-/7th task (ROS2 Intermediate)/build/urdf_launch' returned '0': AMENT_PREFIX_PATH=/Users/kamal/git_/Kamalkant-/7th task (ROS2 Intermediate)/install/joint_state_publisher_gui:/Users/kamal/git_/Kamalkant-/7th task (ROS2 Intermediate)/install/joint_state_publisher:${AMENT_PREFIX_PATH} PYTHONPATH=/Users/kamal/git_/Kamalkant-/7th task (ROS2 Intermediate)/install/joint_state_publisher_gui/lib/python3.11/site-packages:/Users/kamal/git_/Kamalkant-/7th task (ROS2 Intermediate)/install/joint_state_publisher/lib/python3.11/site-packages:${PYTHONPATH} SHLVL=2 _=/Users/kamal/miniconda3/envs/ros_hum/bin/env /Users/kamal/miniconda3/envs/ros_hum/bin/cmake /Users/kamal/git_/Kamalkant-/7th task (ROS2 Intermediate)/src/urdf_launch -DCMAKE_INSTALL_PREFIX=/Users/kamal/git_/Kamalkant-/7th task (ROS2 Intermediate)/install/urdf_launch
[1.008s] Invoking command in '/Users/kamal/git_/Kamalkant-/7th task (ROS2 Intermediate)/build/urdf_launch': AMENT_PREFIX_PATH=/Users/kamal/git_/Kamalkant-/7th task (ROS2 Intermediate)/install/joint_state_publisher_gui:/Users/kamal/git_/Kamalkant-/7th task (ROS2 Intermediate)/install/joint_state_publisher:${AMENT_PREFIX_PATH} PYTHONPATH=/Users/kamal/git_/Kamalkant-/7th task (ROS2 Intermediate)/install/joint_state_publisher_gui/lib/python3.11/site-packages:/Users/kamal/git_/Kamalkant-/7th task (ROS2 Intermediate)/install/joint_state_publisher/lib/python3.11/site-packages:${PYTHONPATH} SHLVL=2 _=/Users/kamal/miniconda3/envs/ros_hum/bin/env /Users/kamal/miniconda3/envs/ros_hum/bin/cmake --build /Users/kamal/git_/Kamalkant-/7th task (ROS2 Intermediate)/build/urdf_launch -- -j8 -l8
[1.061s] Invoked command in '/Users/kamal/git_/Kamalkant-/7th task (ROS2 Intermediate)/build/urdf_launch' returned '0': AMENT_PREFIX_PATH=/Users/kamal/git_/Kamalkant-/7th task (ROS2 Intermediate)/install/joint_state_publisher_gui:/Users/kamal/git_/Kamalkant-/7th task (ROS2 Intermediate)/install/joint_state_publisher:${AMENT_PREFIX_PATH} PYTHONPATH=/Users/kamal/git_/Kamalkant-/7th task (ROS2 Intermediate)/install/joint_state_publisher_gui/lib/python3.11/site-packages:/Users/kamal/git_/Kamalkant-/7th task (ROS2 Intermediate)/install/joint_state_publisher/lib/python3.11/site-packages:${PYTHONPATH} SHLVL=2 _=/Users/kamal/miniconda3/envs/ros_hum/bin/env /Users/kamal/miniconda3/envs/ros_hum/bin/cmake --build /Users/kamal/git_/Kamalkant-/7th task (ROS2 Intermediate)/build/urdf_launch -- -j8 -l8
[1.121s] Invoking command in '/Users/kamal/git_/Kamalkant-/7th task (ROS2 Intermediate)/build/urdf_launch': AMENT_PREFIX_PATH=/Users/kamal/git_/Kamalkant-/7th task (ROS2 Intermediate)/install/joint_state_publisher_gui:/Users/kamal/git_/Kamalkant-/7th task (ROS2 Intermediate)/install/joint_state_publisher:${AMENT_PREFIX_PATH} PYTHONPATH=/Users/kamal/git_/Kamalkant-/7th task (ROS2 Intermediate)/install/joint_state_publisher_gui/lib/python3.11/site-packages:/Users/kamal/git_/Kamalkant-/7th task (ROS2 Intermediate)/install/joint_state_publisher/lib/python3.11/site-packages:${PYTHONPATH} SHLVL=2 _=/Users/kamal/miniconda3/envs/ros_hum/bin/env /Users/kamal/miniconda3/envs/ros_hum/bin/cmake --install /Users/kamal/git_/Kamalkant-/7th task (ROS2 Intermediate)/build/urdf_launch
[1.130s] -- Install configuration: ""
[1.130s] -- Installing: /Users/kamal/git_/Kamalkant-/7th task (ROS2 Intermediate)/install/urdf_launch/share/urdf_launch/config
[1.130s] -- Installing: /Users/kamal/git_/Kamalkant-/7th task (ROS2 Intermediate)/install/urdf_launch/share/urdf_launch/config/urdf.rviz
[1.131s] -- Installing: /Users/kamal/git_/Kamalkant-/7th task (ROS2 Intermediate)/install/urdf_launch/share/urdf_launch/launch
[1.131s] -- Installing: /Users/kamal/git_/Kamalkant-/7th task (ROS2 Intermediate)/install/urdf_launch/share/urdf_launch/launch/description.launch.py
[1.131s] -- Installing: /Users/kamal/git_/Kamalkant-/7th task (ROS2 Intermediate)/install/urdf_launch/share/urdf_launch/launch/display.launch.py
[1.131s] -- Installing: /Users/kamal/git_/Kamalkant-/7th task (ROS2 Intermediate)/install/urdf_launch/share/ament_index/resource_index/package_run_dependencies/urdf_launch
[1.132s] -- Installing: /Users/kamal/git_/Kamalkant-/7th task (ROS2 Intermediate)/install/urdf_launch/share/ament_index/resource_index/parent_prefix_path/urdf_launch
[1.132s] -- Installing: /Users/kamal/git_/Kamalkant-/7th task (ROS2 Intermediate)/install/urdf_launch/share/urdf_launch/environment/ament_prefix_path.sh
[1.132s] -- Installing: /Users/kamal/git_/Kamalkant-/7th task (ROS2 Intermediate)/install/urdf_launch/share/urdf_launch/environment/ament_prefix_path.dsv
[1.132s] -- Installing: /Users/kamal/git_/Kamalkant-/7th task (ROS2 Intermediate)/install/urdf_launch/share/urdf_launch/environment/path.sh
[1.133s] -- Installing: /Users/kamal/git_/Kamalkant-/7th task (ROS2 Intermediate)/install/urdf_launch/share/urdf_launch/environment/path.dsv
[1.133s] -- Installing: /Users/kamal/git_/Kamalkant-/7th task (ROS2 Intermediate)/install/urdf_launch/share/urdf_launch/local_setup.bash
[1.133s] -- Installing: /Users/kamal/git_/Kamalkant-/7th task (ROS2 Intermediate)/install/urdf_launch/share/urdf_launch/local_setup.sh
[1.134s] -- Installing: /Users/kamal/git_/Kamalkant-/7th task (ROS2 Intermediate)/install/urdf_launch/share/urdf_launch/local_setup.zsh
[1.134s] -- Installing: /Users/kamal/git_/Kamalkant-/7th task (ROS2 Intermediate)/install/urdf_launch/share/urdf_launch/local_setup.dsv
[1.134s] -- Installing: /Users/kamal/git_/Kamalkant-/7th task (ROS2 Intermediate)/install/urdf_launch/share/urdf_launch/package.dsv
[1.135s] -- Installing: /Users/kamal/git_/Kamalkant-/7th task (ROS2 Intermediate)/install/urdf_launch/share/ament_index/resource_index/packages/urdf_launch
[1.135s] -- Installing: /Users/kamal/git_/Kamalkant-/7th task (ROS2 Intermediate)/install/urdf_launch/share/urdf_launch/cmake/urdf_launchConfig.cmake
[1.135s] -- Installing: /Users/kamal/git_/Kamalkant-/7th task (ROS2 Intermediate)/install/urdf_launch/share/urdf_launch/cmake/urdf_launchConfig-version.cmake
[1.135s] -- Installing: /Users/kamal/git_/Kamalkant-/7th task (ROS2 Intermediate)/install/urdf_launch/share/urdf_launch/package.xml
[1.137s] Invoked command in '/Users/kamal/git_/Kamalkant-/7th task (ROS2 Intermediate)/build/urdf_launch' returned '0': AMENT_PREFIX_PATH=/Users/kamal/git_/Kamalkant-/7th task (ROS2 Intermediate)/install/joint_state_publisher_gui:/Users/kamal/git_/Kamalkant-/7th task (ROS2 Intermediate)/install/joint_state_publisher:${AMENT_PREFIX_PATH} PYTHONPATH=/Users/kamal/git_/Kamalkant-/7th task (ROS2 Intermediate)/install/joint_state_publisher_gui/lib/python3.11/site-packages:/Users/kamal/git_/Kamalkant-/7th task (ROS2 Intermediate)/install/joint_state_publisher/lib/python3.11/site-packages:${PYTHONPATH} SHLVL=2 _=/Users/kamal/miniconda3/envs/ros_hum/bin/env /Users/kamal/miniconda3/envs/ros_hum/bin/cmake --install /Users/kamal/git_/Kamalkant-/7th task (ROS2 Intermediate)/build/urdf_launch
