running egg_info
writing ../../build/launch_tutorial/launch_tutorial.egg-info/PKG-INFO
writing dependency_links to ../../build/launch_tutorial/launch_tutorial.egg-info/dependency_links.txt
writing requirements to ../../build/launch_tutorial/launch_tutorial.egg-info/requires.txt
writing top-level names to ../../build/launch_tutorial/launch_tutorial.egg-info/top_level.txt
reading manifest file '../../build/launch_tutorial/launch_tutorial.egg-info/SOURCES.txt'
writing manifest file '../../build/launch_tutorial/launch_tutorial.egg-info/SOURCES.txt'
running build
running build_py
copying launch_tutorial/__init__.py -> /Users/kamal/git_/Kamalkant-/7th task (ROS2 Intermediate)/build/launch_tutorial/build/lib/launch_tutorial
running install
running install_lib
running install_data
copying resource/launch_tutorial -> /Users/kamal/git_/Kamalkant-/7th task (ROS2 Intermediate)/install/launch_tutorial/share/ament_index/resource_index/packages
copying package.xml -> /Users/kamal/git_/Kamalkant-/7th task (ROS2 Intermediate)/install/launch_tutorial/share/launch_tutorial
copying launch/mimic.launch.py -> /Users/kamal/git_/Kamalkant-/7th task (ROS2 Intermediate)/install/launch_tutorial/share/launch_tutorial/launch
copying launch/example_event_handlers.launch.py -> /Users/kamal/git_/Kamalkant-/7th task (ROS2 Intermediate)/install/launch_tutorial/share/launch_tutorial/launch
copying launch/turtlesim_world_3.launch.py -> /Users/kamal/git_/Kamalkant-/7th task (ROS2 Intermediate)/install/launch_tutorial/share/launch_tutorial/launch
copying launch/turtlesim_rviz.launch.py -> /Users/kamal/git_/Kamalkant-/7th task (ROS2 Intermediate)/install/launch_tutorial/share/launch_tutorial/launch
copying launch/broadcaster_listener.launch.py -> /Users/kamal/git_/Kamalkant-/7th task (ROS2 Intermediate)/install/launch_tutorial/share/launch_tutorial/launch
copying launch/launch_turtlesim.launch.py -> /Users/kamal/git_/Kamalkant-/7th task (ROS2 Intermediate)/install/launch_tutorial/share/launch_tutorial/launch
copying launch/turtlesim_world_2.launch.py -> /Users/kamal/git_/Kamalkant-/7th task (ROS2 Intermediate)/install/launch_tutorial/share/launch_tutorial/launch
copying launch/example_substitutions.launch.py -> /Users/kamal/git_/Kamalkant-/7th task (ROS2 Intermediate)/install/launch_tutorial/share/launch_tutorial/launch
copying launch/turtlesim_world_1.launch.py -> /Users/kamal/git_/Kamalkant-/7th task (ROS2 Intermediate)/install/launch_tutorial/share/launch_tutorial/launch
copying launch/fixed_broadcaster.launch.py -> /Users/kamal/git_/Kamalkant-/7th task (ROS2 Intermediate)/install/launch_tutorial/share/launch_tutorial/launch
copying launch/example_main.launch.py -> /Users/kamal/git_/Kamalkant-/7th task (ROS2 Intermediate)/install/launch_tutorial/share/launch_tutorial/launch
copying config/turtlesim.yaml -> /Users/kamal/git_/Kamalkant-/7th task (ROS2 Intermediate)/install/launch_tutorial/share/launch_tutorial/config
running install_egg_info
removing '/Users/kamal/git_/Kamalkant-/7th task (ROS2 Intermediate)/install/launch_tutorial/lib/python3.11/site-packages/launch_tutorial-0.0.0-py3.11.egg-info' (and everything under it)
Copying ../../build/launch_tutorial/launch_tutorial.egg-info to /Users/kamal/git_/Kamalkant-/7th task (ROS2 Intermediate)/install/launch_tutorial/lib/python3.11/site-packages/launch_tutorial-0.0.0-py3.11.egg-info
running install_scripts
writing list of installed files to '/Users/kamal/git_/Kamalkant-/7th task (ROS2 Intermediate)/build/launch_tutorial/install.log'
