[0.039s] Invoking command in '/Users/kamal/git_/Kamalkant-/7th task (ROS2 Intermediate)/build/urdf_sim_tutorial': AMENT_PREFIX_PATH=/Users/kamal/git_/Kamalkant-/7th task (ROS2 Intermediate)/install/urdf_tutorial:/Users/kamal/git_/Kamalkant-/7th task (ROS2 Intermediate)/install/urdf_launch:/Users/kamal/git_/Kamalkant-/7th task (ROS2 Intermediate)/install/joint_state_publisher_gui:/Users/kamal/git_/Kamalkant-/7th task (ROS2 Intermediate)/install/joint_state_publisher:${AMENT_PREFIX_PATH} CMAKE_PREFIX_PATH=/Users/kamal/git_/Kamalkant-/7th task (ROS2 Intermediate)/install/urdf_tutorial:/Users/kamal/git_/Kamalkant-/7th task (ROS2 Intermediate)/install/urdf_launch${CMAKE_PREFIX_PATH} PYTHONPATH=/Users/kamal/git_/Kamalkant-/7th task (ROS2 Intermediate)/install/joint_state_publisher_gui/lib/python3.11/site-packages:/Users/kamal/git_/Kamalkant-/7th task (ROS2 Intermediate)/install/joint_state_publisher/lib/python3.11/site-packages:${PYTHONPATH} SHLVL=2 _=/Users/kamal/miniconda3/envs/ros_hum/bin/env /Users/kamal/miniconda3/envs/ros_hum/bin/cmake /Users/kamal/git_/Kamalkant-/7th task (ROS2 Intermediate)/src/urdf_sim_tutorial -DCMAKE_INSTALL_PREFIX=/Users/kamal/git_/Kamalkant-/7th task (ROS2 Intermediate)/install/urdf_sim_tutorial
[0.207s] -- The C compiler identification is Clang 18.1.7
[0.365s] -- The CXX compiler identification is Clang 18.1.7
[0.439s] -- Detecting C compiler ABI info
[0.740s] -- Detecting C compiler ABI info - done
[0.744s] -- Check for working C compiler: /Users/kamal/miniconda3/envs/ros_hum/bin/arm64-apple-darwin20.0.0-clang - skipped
[0.744s] -- Detecting C compile features
[0.744s] -- Detecting C compile features - done
[0.813s] -- Detecting CXX compiler ABI info
[1.113s] -- Detecting CXX compiler ABI info - done
[1.117s] -- Check for working CXX compiler: /Users/kamal/miniconda3/envs/ros_hum/bin/arm64-apple-darwin20.0.0-clang++ - skipped
[1.117s] -- Detecting CXX compile features
[1.117s] -- Detecting CXX compile features - done
[1.127s] -- Found ament_cmake: 1.3.7 (/Users/kamal/miniconda3/envs/ros_hum/share/ament_cmake/cmake)
[1.459s] -- Found Python3: /opt/homebrew/Frameworks/Python.framework/Versions/3.13/bin/python3.13 (found version "3.13.2") found components: Interpreter 
[1.749s] -- Configuring done (1.7s)
[1.761s] -- Generating done (0.0s)
[1.763s] -- Build files have been written to: /Users/kamal/git_/Kamalkant-/7th task (ROS2 Intermediate)/build/urdf_sim_tutorial
[1.766s] Invoked command in '/Users/kamal/git_/Kamalkant-/7th task (ROS2 Intermediate)/build/urdf_sim_tutorial' returned '0': AMENT_PREFIX_PATH=/Users/kamal/git_/Kamalkant-/7th task (ROS2 Intermediate)/install/urdf_tutorial:/Users/kamal/git_/Kamalkant-/7th task (ROS2 Intermediate)/install/urdf_launch:/Users/kamal/git_/Kamalkant-/7th task (ROS2 Intermediate)/install/joint_state_publisher_gui:/Users/kamal/git_/Kamalkant-/7th task (ROS2 Intermediate)/install/joint_state_publisher:${AMENT_PREFIX_PATH} CMAKE_PREFIX_PATH=/Users/kamal/git_/Kamalkant-/7th task (ROS2 Intermediate)/install/urdf_tutorial:/Users/kamal/git_/Kamalkant-/7th task (ROS2 Intermediate)/install/urdf_launch${CMAKE_PREFIX_PATH} PYTHONPATH=/Users/kamal/git_/Kamalkant-/7th task (ROS2 Intermediate)/install/joint_state_publisher_gui/lib/python3.11/site-packages:/Users/kamal/git_/Kamalkant-/7th task (ROS2 Intermediate)/install/joint_state_publisher/lib/python3.11/site-packages:${PYTHONPATH} SHLVL=2 _=/Users/kamal/miniconda3/envs/ros_hum/bin/env /Users/kamal/miniconda3/envs/ros_hum/bin/cmake /Users/kamal/git_/Kamalkant-/7th task (ROS2 Intermediate)/src/urdf_sim_tutorial -DCMAKE_INSTALL_PREFIX=/Users/kamal/git_/Kamalkant-/7th task (ROS2 Intermediate)/install/urdf_sim_tutorial
[1.768s] Invoking command in '/Users/kamal/git_/Kamalkant-/7th task (ROS2 Intermediate)/build/urdf_sim_tutorial': AMENT_PREFIX_PATH=/Users/kamal/git_/Kamalkant-/7th task (ROS2 Intermediate)/install/urdf_tutorial:/Users/kamal/git_/Kamalkant-/7th task (ROS2 Intermediate)/install/urdf_launch:/Users/kamal/git_/Kamalkant-/7th task (ROS2 Intermediate)/install/joint_state_publisher_gui:/Users/kamal/git_/Kamalkant-/7th task (ROS2 Intermediate)/install/joint_state_publisher:${AMENT_PREFIX_PATH} CMAKE_PREFIX_PATH=/Users/kamal/git_/Kamalkant-/7th task (ROS2 Intermediate)/install/urdf_tutorial:/Users/kamal/git_/Kamalkant-/7th task (ROS2 Intermediate)/install/urdf_launch${CMAKE_PREFIX_PATH} PYTHONPATH=/Users/kamal/git_/Kamalkant-/7th task (ROS2 Intermediate)/install/joint_state_publisher_gui/lib/python3.11/site-packages:/Users/kamal/git_/Kamalkant-/7th task (ROS2 Intermediate)/install/joint_state_publisher/lib/python3.11/site-packages:${PYTHONPATH} SHLVL=2 _=/Users/kamal/miniconda3/envs/ros_hum/bin/env /Users/kamal/miniconda3/envs/ros_hum/bin/cmake --build /Users/kamal/git_/Kamalkant-/7th task (ROS2 Intermediate)/build/urdf_sim_tutorial -- -j8 -l8
[1.861s] Invoked command in '/Users/kamal/git_/Kamalkant-/7th task (ROS2 Intermediate)/build/urdf_sim_tutorial' returned '0': AMENT_PREFIX_PATH=/Users/kamal/git_/Kamalkant-/7th task (ROS2 Intermediate)/install/urdf_tutorial:/Users/kamal/git_/Kamalkant-/7th task (ROS2 Intermediate)/install/urdf_launch:/Users/kamal/git_/Kamalkant-/7th task (ROS2 Intermediate)/install/joint_state_publisher_gui:/Users/kamal/git_/Kamalkant-/7th task (ROS2 Intermediate)/install/joint_state_publisher:${AMENT_PREFIX_PATH} CMAKE_PREFIX_PATH=/Users/kamal/git_/Kamalkant-/7th task (ROS2 Intermediate)/install/urdf_tutorial:/Users/kamal/git_/Kamalkant-/7th task (ROS2 Intermediate)/install/urdf_launch${CMAKE_PREFIX_PATH} PYTHONPATH=/Users/kamal/git_/Kamalkant-/7th task (ROS2 Intermediate)/install/joint_state_publisher_gui/lib/python3.11/site-packages:/Users/kamal/git_/Kamalkant-/7th task (ROS2 Intermediate)/install/joint_state_publisher/lib/python3.11/site-packages:${PYTHONPATH} SHLVL=2 _=/Users/kamal/miniconda3/envs/ros_hum/bin/env /Users/kamal/miniconda3/envs/ros_hum/bin/cmake --build /Users/kamal/git_/Kamalkant-/7th task (ROS2 Intermediate)/build/urdf_sim_tutorial -- -j8 -l8
[1.984s] Invoking command in '/Users/kamal/git_/Kamalkant-/7th task (ROS2 Intermediate)/build/urdf_sim_tutorial': AMENT_PREFIX_PATH=/Users/kamal/git_/Kamalkant-/7th task (ROS2 Intermediate)/install/urdf_tutorial:/Users/kamal/git_/Kamalkant-/7th task (ROS2 Intermediate)/install/urdf_launch:/Users/kamal/git_/Kamalkant-/7th task (ROS2 Intermediate)/install/joint_state_publisher_gui:/Users/kamal/git_/Kamalkant-/7th task (ROS2 Intermediate)/install/joint_state_publisher:${AMENT_PREFIX_PATH} CMAKE_PREFIX_PATH=/Users/kamal/git_/Kamalkant-/7th task (ROS2 Intermediate)/install/urdf_tutorial:/Users/kamal/git_/Kamalkant-/7th task (ROS2 Intermediate)/install/urdf_launch${CMAKE_PREFIX_PATH} PYTHONPATH=/Users/kamal/git_/Kamalkant-/7th task (ROS2 Intermediate)/install/joint_state_publisher_gui/lib/python3.11/site-packages:/Users/kamal/git_/Kamalkant-/7th task (ROS2 Intermediate)/install/joint_state_publisher/lib/python3.11/site-packages:${PYTHONPATH} SHLVL=2 _=/Users/kamal/miniconda3/envs/ros_hum/bin/env /Users/kamal/miniconda3/envs/ros_hum/bin/cmake --install /Users/kamal/git_/Kamalkant-/7th task (ROS2 Intermediate)/build/urdf_sim_tutorial
[2.000s] -- Install configuration: ""
[2.000s] -- Installing: /Users/kamal/git_/Kamalkant-/7th task (ROS2 Intermediate)/install/urdf_sim_tutorial/share/urdf_sim_tutorial/config
[2.001s] -- Installing: /Users/kamal/git_/Kamalkant-/7th task (ROS2 Intermediate)/install/urdf_sim_tutorial/share/urdf_sim_tutorial/config/joints.yaml
[2.002s] -- Installing: /Users/kamal/git_/Kamalkant-/7th task (ROS2 Intermediate)/install/urdf_sim_tutorial/share/urdf_sim_tutorial/config/diffdrive.yaml
[2.003s] -- Installing: /Users/kamal/git_/Kamalkant-/7th task (ROS2 Intermediate)/install/urdf_sim_tutorial/share/urdf_sim_tutorial/config/head.yaml
[2.003s] -- Installing: /Users/kamal/git_/Kamalkant-/7th task (ROS2 Intermediate)/install/urdf_sim_tutorial/share/urdf_sim_tutorial/config/gripper.yaml
[2.003s] -- Installing: /Users/kamal/git_/Kamalkant-/7th task (ROS2 Intermediate)/install/urdf_sim_tutorial/share/urdf_sim_tutorial/config/mimic-gripper.yaml
[2.003s] -- Installing: /Users/kamal/git_/Kamalkant-/7th task (ROS2 Intermediate)/install/urdf_sim_tutorial/share/urdf_sim_tutorial/config/09a-minimal.yaml
[2.003s] -- Installing: /Users/kamal/git_/Kamalkant-/7th task (ROS2 Intermediate)/install/urdf_sim_tutorial/share/urdf_sim_tutorial/launch
[2.003s] -- Installing: /Users/kamal/git_/Kamalkant-/7th task (ROS2 Intermediate)/install/urdf_sim_tutorial/share/urdf_sim_tutorial/launch/12-gripper.launch.py
[2.003s] -- Installing: /Users/kamal/git_/Kamalkant-/7th task (ROS2 Intermediate)/install/urdf_sim_tutorial/share/urdf_sim_tutorial/launch/gazebo.launch.py
[2.003s] -- Installing: /Users/kamal/git_/Kamalkant-/7th task (ROS2 Intermediate)/install/urdf_sim_tutorial/share/urdf_sim_tutorial/launch/10-head.launch.py
[2.004s] -- Installing: /Users/kamal/git_/Kamalkant-/7th task (ROS2 Intermediate)/install/urdf_sim_tutorial/share/urdf_sim_tutorial/launch/09-joints.launch.py
[2.005s] -- Installing: /Users/kamal/git_/Kamalkant-/7th task (ROS2 Intermediate)/install/urdf_sim_tutorial/share/urdf_sim_tutorial/launch/13-diffdrive.launch.py
[2.006s] -- Installing: /Users/kamal/git_/Kamalkant-/7th task (ROS2 Intermediate)/install/urdf_sim_tutorial/share/urdf_sim_tutorial/launch/09a-minimal.launch.py
[2.007s] -- Installing: /Users/kamal/git_/Kamalkant-/7th task (ROS2 Intermediate)/install/urdf_sim_tutorial/share/urdf_sim_tutorial/rviz
[2.007s] -- Installing: /Users/kamal/git_/Kamalkant-/7th task (ROS2 Intermediate)/install/urdf_sim_tutorial/share/urdf_sim_tutorial/rviz/odom_urdf.rviz
[2.007s] -- Installing: /Users/kamal/git_/Kamalkant-/7th task (ROS2 Intermediate)/install/urdf_sim_tutorial/share/urdf_sim_tutorial/urdf
[2.007s] -- Installing: /Users/kamal/git_/Kamalkant-/7th task (ROS2 Intermediate)/install/urdf_sim_tutorial/share/urdf_sim_tutorial/urdf/09-publishjoints.urdf.xacro
[2.007s] -- Installing: /Users/kamal/git_/Kamalkant-/7th task (ROS2 Intermediate)/install/urdf_sim_tutorial/share/urdf_sim_tutorial/urdf/10-firsttransmission.urdf.xacro
[2.007s] -- Installing: /Users/kamal/git_/Kamalkant-/7th task (ROS2 Intermediate)/install/urdf_sim_tutorial/share/urdf_sim_tutorial/urdf/11-limittransmission.urdf.xacro
[2.007s] -- Installing: /Users/kamal/git_/Kamalkant-/7th task (ROS2 Intermediate)/install/urdf_sim_tutorial/share/urdf_sim_tutorial/urdf/12-gripper.urdf.xacro
[2.007s] -- Installing: /Users/kamal/git_/Kamalkant-/7th task (ROS2 Intermediate)/install/urdf_sim_tutorial/share/urdf_sim_tutorial/urdf/09a-minimal.urdf.xacro
[2.008s] -- Installing: /Users/kamal/git_/Kamalkant-/7th task (ROS2 Intermediate)/install/urdf_sim_tutorial/share/urdf_sim_tutorial/urdf/13-diffdrive.urdf.xacro
[2.010s] -- Installing: /Users/kamal/git_/Kamalkant-/7th task (ROS2 Intermediate)/install/urdf_sim_tutorial/share/urdf_sim_tutorial/urdf/12a-mimic-gripper.urdf.xacro
[2.010s] -- Installing: /Users/kamal/git_/Kamalkant-/7th task (ROS2 Intermediate)/install/urdf_sim_tutorial/share/ament_index/resource_index/package_run_dependencies/urdf_sim_tutorial
[2.010s] -- Installing: /Users/kamal/git_/Kamalkant-/7th task (ROS2 Intermediate)/install/urdf_sim_tutorial/share/ament_index/resource_index/parent_prefix_path/urdf_sim_tutorial
[2.010s] -- Installing: /Users/kamal/git_/Kamalkant-/7th task (ROS2 Intermediate)/install/urdf_sim_tutorial/share/urdf_sim_tutorial/environment/ament_prefix_path.sh
[2.010s] -- Installing: /Users/kamal/git_/Kamalkant-/7th task (ROS2 Intermediate)/install/urdf_sim_tutorial/share/urdf_sim_tutorial/environment/ament_prefix_path.dsv
[2.010s] -- Installing: /Users/kamal/git_/Kamalkant-/7th task (ROS2 Intermediate)/install/urdf_sim_tutorial/share/urdf_sim_tutorial/environment/path.sh
[2.010s] -- Installing: /Users/kamal/git_/Kamalkant-/7th task (ROS2 Intermediate)/install/urdf_sim_tutorial/share/urdf_sim_tutorial/environment/path.dsv
[2.010s] -- Installing: /Users/kamal/git_/Kamalkant-/7th task (ROS2 Intermediate)/install/urdf_sim_tutorial/share/urdf_sim_tutorial/local_setup.bash
[2.011s] -- Installing: /Users/kamal/git_/Kamalkant-/7th task (ROS2 Intermediate)/install/urdf_sim_tutorial/share/urdf_sim_tutorial/local_setup.sh
[2.011s] -- Installing: /Users/kamal/git_/Kamalkant-/7th task (ROS2 Intermediate)/install/urdf_sim_tutorial/share/urdf_sim_tutorial/local_setup.zsh
[2.011s] -- Installing: /Users/kamal/git_/Kamalkant-/7th task (ROS2 Intermediate)/install/urdf_sim_tutorial/share/urdf_sim_tutorial/local_setup.dsv
[2.011s] -- Installing: /Users/kamal/git_/Kamalkant-/7th task (ROS2 Intermediate)/install/urdf_sim_tutorial/share/urdf_sim_tutorial/package.dsv
[2.012s] -- Installing: /Users/kamal/git_/Kamalkant-/7th task (ROS2 Intermediate)/install/urdf_sim_tutorial/share/ament_index/resource_index/packages/urdf_sim_tutorial
[2.012s] -- Installing: /Users/kamal/git_/Kamalkant-/7th task (ROS2 Intermediate)/install/urdf_sim_tutorial/share/urdf_sim_tutorial/cmake/urdf_sim_tutorialConfig.cmake
[2.012s] -- Installing: /Users/kamal/git_/Kamalkant-/7th task (ROS2 Intermediate)/install/urdf_sim_tutorial/share/urdf_sim_tutorial/cmake/urdf_sim_tutorialConfig-version.cmake
[2.012s] -- Installing: /Users/kamal/git_/Kamalkant-/7th task (ROS2 Intermediate)/install/urdf_sim_tutorial/share/urdf_sim_tutorial/package.xml
[2.013s] Invoked command in '/Users/kamal/git_/Kamalkant-/7th task (ROS2 Intermediate)/build/urdf_sim_tutorial' returned '0': AMENT_PREFIX_PATH=/Users/kamal/git_/Kamalkant-/7th task (ROS2 Intermediate)/install/urdf_tutorial:/Users/kamal/git_/Kamalkant-/7th task (ROS2 Intermediate)/install/urdf_launch:/Users/kamal/git_/Kamalkant-/7th task (ROS2 Intermediate)/install/joint_state_publisher_gui:/Users/kamal/git_/Kamalkant-/7th task (ROS2 Intermediate)/install/joint_state_publisher:${AMENT_PREFIX_PATH} CMAKE_PREFIX_PATH=/Users/kamal/git_/Kamalkant-/7th task (ROS2 Intermediate)/install/urdf_tutorial:/Users/kamal/git_/Kamalkant-/7th task (ROS2 Intermediate)/install/urdf_launch${CMAKE_PREFIX_PATH} PYTHONPATH=/Users/kamal/git_/Kamalkant-/7th task (ROS2 Intermediate)/install/joint_state_publisher_gui/lib/python3.11/site-packages:/Users/kamal/git_/Kamalkant-/7th task (ROS2 Intermediate)/install/joint_state_publisher/lib/python3.11/site-packages:${PYTHONPATH} SHLVL=2 _=/Users/kamal/miniconda3/envs/ros_hum/bin/env /Users/kamal/miniconda3/envs/ros_hum/bin/cmake --install /Users/kamal/git_/Kamalkant-/7th task (ROS2 Intermediate)/build/urdf_sim_tutorial
