running egg_info
writing ../../../build/joint_state_publisher_gui/joint_state_publisher_gui.egg-info/PKG-INFO
writing dependency_links to ../../../build/joint_state_publisher_gui/joint_state_publisher_gui.egg-info/dependency_links.txt
writing entry points to ../../../build/joint_state_publisher_gui/joint_state_publisher_gui.egg-info/entry_points.txt
writing requirements to ../../../build/joint_state_publisher_gui/joint_state_publisher_gui.egg-info/requires.txt
writing top-level names to ../../../build/joint_state_publisher_gui/joint_state_publisher_gui.egg-info/top_level.txt
reading manifest file '../../../build/joint_state_publisher_gui/joint_state_publisher_gui.egg-info/SOURCES.txt'
adding license file 'LICENSE'
writing manifest file '../../../build/joint_state_publisher_gui/joint_state_publisher_gui.egg-info/SOURCES.txt'
running build
running build_py
copying joint_state_publisher_gui/flow_layout.py -> /Users/kamal/git_/Kamalkant-/7th task (ROS2 Intermediate)/build/joint_state_publisher_gui/build/lib/joint_state_publisher_gui
copying joint_state_publisher_gui/__init__.py -> /Users/kamal/git_/Kamalkant-/7th task (ROS2 Intermediate)/build/joint_state_publisher_gui/build/lib/joint_state_publisher_gui
copying joint_state_publisher_gui/joint_state_publisher_gui.py -> /Users/kamal/git_/Kamalkant-/7th task (ROS2 Intermediate)/build/joint_state_publisher_gui/build/lib/joint_state_publisher_gui
running install
running install_lib
running install_data
copying resource/joint_state_publisher_gui -> /Users/kamal/git_/Kamalkant-/7th task (ROS2 Intermediate)/install/joint_state_publisher_gui/share/ament_index/resource_index/packages
copying package.xml -> /Users/kamal/git_/Kamalkant-/7th task (ROS2 Intermediate)/install/joint_state_publisher_gui/share/joint_state_publisher_gui
running install_egg_info
removing '/Users/kamal/git_/Kamalkant-/7th task (ROS2 Intermediate)/install/joint_state_publisher_gui/lib/python3.11/site-packages/joint_state_publisher_gui-2.4.0-py3.11.egg-info' (and everything under it)
Copying ../../../build/joint_state_publisher_gui/joint_state_publisher_gui.egg-info to /Users/kamal/git_/Kamalkant-/7th task (ROS2 Intermediate)/install/joint_state_publisher_gui/lib/python3.11/site-packages/joint_state_publisher_gui-2.4.0-py3.11.egg-info
running install_scripts
Installing joint_state_publisher_gui script to /Users/kamal/git_/Kamalkant-/7th task (ROS2 Intermediate)/install/joint_state_publisher_gui/lib/joint_state_publisher_gui
writing list of installed files to '/Users/kamal/git_/Kamalkant-/7th task (ROS2 Intermediate)/build/joint_state_publisher_gui/install.log'
