[0.379s] Invoking command in '/Users/kamal/git_/Kamalkant-/7th task (ROS2 Intermediate)/src/joint_state_publisher/joint_state_publisher_gui': AMENT_PREFIX_PATH=/Users/kamal/git_/Kamalkant-/7th task (ROS2 Intermediate)/install/joint_state_publisher:${AMENT_PREFIX_PATH} PYTHONPATH=/Users/kamal/git_/Kamalkant-/7th task (ROS2 Intermediate)/build/joint_state_publisher_gui/prefix_override:/Users/kamal/miniconda3/envs/ros_hum/lib/python3.11/site-packages/colcon_core/task/python/colcon_distutils_commands:/Users/kamal/git_/Kamalkant-/7th task (ROS2 Intermediate)/install/joint_state_publisher_gui/lib/python3.11/site-packages:/Users/kamal/git_/Kamalkant-/7th task (ROS2 Intermediate)/install/joint_state_publisher/lib/python3.11/site-packages:${PYTHONPATH} SHLVL=2 _=/Users/kamal/miniconda3/envs/ros_hum/bin/env /Users/kamal/miniconda3/envs/ros_hum/bin/python3.11 -W ignore:setup.py install is deprecated setup.py egg_info --egg-base ../../../build/joint_state_publisher_gui build --build-base /Users/kamal/git_/Kamalkant-/7th task (ROS2 Intermediate)/build/joint_state_publisher_gui/build install --record /Users/kamal/git_/Kamalkant-/7th task (ROS2 Intermediate)/build/joint_state_publisher_gui/install.log --single-version-externally-managed install_data
[0.464s] /Users/kamal/miniconda3/envs/ros_hum/lib/python3.11/site-packages/setuptools/_distutils/dist.py:270: UserWarning: Unknown distribution option: 'tests_require'
[0.464s]   warnings.warn(msg)
[0.506s] running egg_info
[0.513s] writing ../../../build/joint_state_publisher_gui/joint_state_publisher_gui.egg-info/PKG-INFO
[0.513s] writing dependency_links to ../../../build/joint_state_publisher_gui/joint_state_publisher_gui.egg-info/dependency_links.txt
[0.513s] writing entry points to ../../../build/joint_state_publisher_gui/joint_state_publisher_gui.egg-info/entry_points.txt
[0.513s] writing requirements to ../../../build/joint_state_publisher_gui/joint_state_publisher_gui.egg-info/requires.txt
[0.514s] writing top-level names to ../../../build/joint_state_publisher_gui/joint_state_publisher_gui.egg-info/top_level.txt
[0.527s] reading manifest file '../../../build/joint_state_publisher_gui/joint_state_publisher_gui.egg-info/SOURCES.txt'
[0.528s] adding license file 'LICENSE'
[0.528s] writing manifest file '../../../build/joint_state_publisher_gui/joint_state_publisher_gui.egg-info/SOURCES.txt'
[0.528s] running build
[0.528s] running build_py
[0.528s] copying joint_state_publisher_gui/flow_layout.py -> /Users/kamal/git_/Kamalkant-/7th task (ROS2 Intermediate)/build/joint_state_publisher_gui/build/lib/joint_state_publisher_gui
[0.529s] copying joint_state_publisher_gui/__init__.py -> /Users/kamal/git_/Kamalkant-/7th task (ROS2 Intermediate)/build/joint_state_publisher_gui/build/lib/joint_state_publisher_gui
[0.529s] copying joint_state_publisher_gui/joint_state_publisher_gui.py -> /Users/kamal/git_/Kamalkant-/7th task (ROS2 Intermediate)/build/joint_state_publisher_gui/build/lib/joint_state_publisher_gui
[0.530s] running install
[0.532s] running install_lib
[0.540s] running install_data
[0.540s] copying resource/joint_state_publisher_gui -> /Users/kamal/git_/Kamalkant-/7th task (ROS2 Intermediate)/install/joint_state_publisher_gui/share/ament_index/resource_index/packages
[0.540s] copying package.xml -> /Users/kamal/git_/Kamalkant-/7th task (ROS2 Intermediate)/install/joint_state_publisher_gui/share/joint_state_publisher_gui
[0.540s] running install_egg_info
[0.547s] removing '/Users/kamal/git_/Kamalkant-/7th task (ROS2 Intermediate)/install/joint_state_publisher_gui/lib/python3.11/site-packages/joint_state_publisher_gui-2.4.0-py3.11.egg-info' (and everything under it)
[0.548s] Copying ../../../build/joint_state_publisher_gui/joint_state_publisher_gui.egg-info to /Users/kamal/git_/Kamalkant-/7th task (ROS2 Intermediate)/install/joint_state_publisher_gui/lib/python3.11/site-packages/joint_state_publisher_gui-2.4.0-py3.11.egg-info
[0.549s] running install_scripts
[0.598s] Installing joint_state_publisher_gui script to /Users/kamal/git_/Kamalkant-/7th task (ROS2 Intermediate)/install/joint_state_publisher_gui/lib/joint_state_publisher_gui
[0.598s] writing list of installed files to '/Users/kamal/git_/Kamalkant-/7th task (ROS2 Intermediate)/build/joint_state_publisher_gui/install.log'
[0.611s] Invoked command in '/Users/kamal/git_/Kamalkant-/7th task (ROS2 Intermediate)/src/joint_state_publisher/joint_state_publisher_gui' returned '0': AMENT_PREFIX_PATH=/Users/kamal/git_/Kamalkant-/7th task (ROS2 Intermediate)/install/joint_state_publisher:${AMENT_PREFIX_PATH} PYTHONPATH=/Users/kamal/git_/Kamalkant-/7th task (ROS2 Intermediate)/build/joint_state_publisher_gui/prefix_override:/Users/kamal/miniconda3/envs/ros_hum/lib/python3.11/site-packages/colcon_core/task/python/colcon_distutils_commands:/Users/kamal/git_/Kamalkant-/7th task (ROS2 Intermediate)/install/joint_state_publisher_gui/lib/python3.11/site-packages:/Users/kamal/git_/Kamalkant-/7th task (ROS2 Intermediate)/install/joint_state_publisher/lib/python3.11/site-packages:${PYTHONPATH} SHLVL=2 _=/Users/kamal/miniconda3/envs/ros_hum/bin/env /Users/kamal/miniconda3/envs/ros_hum/bin/python3.11 -W ignore:setup.py install is deprecated setup.py egg_info --egg-base ../../../build/joint_state_publisher_gui build --build-base /Users/kamal/git_/Kamalkant-/7th task (ROS2 Intermediate)/build/joint_state_publisher_gui/build install --record /Users/kamal/git_/Kamalkant-/7th task (ROS2 Intermediate)/build/joint_state_publisher_gui/install.log --single-version-externally-managed install_data
