[ 25%] Built target turtle_tf2_broadcaster
[ 50%] Built target turtle_tf2_listener
[ 75%] Built target fixed_frame_tf2_broadcaster
[100%] Built target static_turtle_tf2_broadcaster
-- Install configuration: ""
-- Up-to-date: /Users/kamal/git_/Kamalkant-/7th task (ROS2 Intermediate)/install/learning_tf2_cpp/share/learning_tf2_cpp/launch
-- Up-to-date: /Users/kamal/git_/Kamalkant-/7th task (ROS2 Intermediate)/install/learning_tf2_cpp/share/learning_tf2_cpp/launch/turtle_tf2_fixed_frame_demo.launch.py
-- Up-to-date: /Users/kamal/git_/Kamalkant-/7th task (ROS2 Intermediate)/install/learning_tf2_cpp/share/learning_tf2_cpp/launch/__pycache__
-- Up-to-date: /Users/kamal/git_/Kamalkant-/7th task (ROS2 Intermediate)/install/learning_tf2_cpp/share/learning_tf2_cpp/launch/__pycache__/turtle_tf2_demo.launch.cpython-310.pyc
-- Up-to-date: /Users/kamal/git_/Kamalkant-/7th task (ROS2 Intermediate)/install/learning_tf2_cpp/share/learning_tf2_cpp/launch/turtle_tf2_demo.launch.py
-- Up-to-date: /Users/kamal/git_/Kamalkant-/7th task (ROS2 Intermediate)/install/learning_tf2_cpp/share/learning_tf2_cpp/launch/turtle_tf2_dynamic_frame_demo.launch.py
-- Up-to-date: /Users/kamal/git_/Kamalkant-/7th task (ROS2 Intermediate)/install/learning_tf2_cpp/lib/learning_tf2_cpp/static_turtle_tf2_broadcaster
-- Up-to-date: /Users/kamal/git_/Kamalkant-/7th task (ROS2 Intermediate)/install/learning_tf2_cpp/lib/learning_tf2_cpp/turtle_tf2_broadcaster
-- Up-to-date: /Users/kamal/git_/Kamalkant-/7th task (ROS2 Intermediate)/install/learning_tf2_cpp/lib/learning_tf2_cpp/turtle_tf2_listener
-- Up-to-date: /Users/kamal/git_/Kamalkant-/7th task (ROS2 Intermediate)/install/learning_tf2_cpp/lib/learning_tf2_cpp/fixed_frame_tf2_broadcaster
-- Up-to-date: /Users/kamal/git_/Kamalkant-/7th task (ROS2 Intermediate)/install/learning_tf2_cpp/share/ament_index/resource_index/package_run_dependencies/learning_tf2_cpp
-- Up-to-date: /Users/kamal/git_/Kamalkant-/7th task (ROS2 Intermediate)/install/learning_tf2_cpp/share/ament_index/resource_index/parent_prefix_path/learning_tf2_cpp
-- Up-to-date: /Users/kamal/git_/Kamalkant-/7th task (ROS2 Intermediate)/install/learning_tf2_cpp/share/learning_tf2_cpp/environment/ament_prefix_path.sh
-- Up-to-date: /Users/kamal/git_/Kamalkant-/7th task (ROS2 Intermediate)/install/learning_tf2_cpp/share/learning_tf2_cpp/environment/ament_prefix_path.dsv
-- Up-to-date: /Users/kamal/git_/Kamalkant-/7th task (ROS2 Intermediate)/install/learning_tf2_cpp/share/learning_tf2_cpp/environment/path.sh
-- Up-to-date: /Users/kamal/git_/Kamalkant-/7th task (ROS2 Intermediate)/install/learning_tf2_cpp/share/learning_tf2_cpp/environment/path.dsv
-- Up-to-date: /Users/kamal/git_/Kamalkant-/7th task (ROS2 Intermediate)/install/learning_tf2_cpp/share/learning_tf2_cpp/local_setup.bash
-- Up-to-date: /Users/kamal/git_/Kamalkant-/7th task (ROS2 Intermediate)/install/learning_tf2_cpp/share/learning_tf2_cpp/local_setup.sh
-- Up-to-date: /Users/kamal/git_/Kamalkant-/7th task (ROS2 Intermediate)/install/learning_tf2_cpp/share/learning_tf2_cpp/local_setup.zsh
-- Up-to-date: /Users/kamal/git_/Kamalkant-/7th task (ROS2 Intermediate)/install/learning_tf2_cpp/share/learning_tf2_cpp/local_setup.dsv
-- Installing: /Users/kamal/git_/Kamalkant-/7th task (ROS2 Intermediate)/install/learning_tf2_cpp/share/learning_tf2_cpp/package.dsv
-- Up-to-date: /Users/kamal/git_/Kamalkant-/7th task (ROS2 Intermediate)/install/learning_tf2_cpp/share/ament_index/resource_index/packages/learning_tf2_cpp
-- Up-to-date: /Users/kamal/git_/Kamalkant-/7th task (ROS2 Intermediate)/install/learning_tf2_cpp/share/learning_tf2_cpp/cmake/learning_tf2_cppConfig.cmake
-- Up-to-date: /Users/kamal/git_/Kamalkant-/7th task (ROS2 Intermediate)/install/learning_tf2_cpp/share/learning_tf2_cpp/cmake/learning_tf2_cppConfig-version.cmake
-- Up-to-date: /Users/kamal/git_/Kamalkant-/7th task (ROS2 Intermediate)/install/learning_tf2_cpp/share/learning_tf2_cpp/package.xml
